#
# A fatal error has been detected by the Java Runtime Environment:
#
#  SIGSEGV (0xb) at pc=0x000000011018a20d, pid=85615, tid=4867
#
# JRE version: Java(TM) SE Runtime Environment (8.0_05-b13) (build 1.8.0_05-b13)
# Java VM: Java HotSpot(TM) 64-Bit Server VM (25.5-b02 mixed mode bsd-amd64 compressed oops)
# Problematic frame:
# J 534 C2 MainPackage.MovesClass.SearchInRows([[IILjava/util/List;)Ljava/util/List; (2751 bytes) @ 0x000000011018a20d [0x0000000110189de0+0x42d]
#
# Failed to write core dump. Core dumps have been disabled. To enable core dumping, try "ulimit -c unlimited" before starting Java again
#
# If you would like to submit a bug report, please visit:
#   http://bugreport.sun.com/bugreport/crash.jsp
#

---------------  T H R E A D  ---------------

Current thread (0x00007f872a80c000):  JavaThread "main" [_thread_in_Java, id=4867, stack(0x000000010e461000,0x000000010e561000)]

siginfo:si_signo=SIGSEGV: si_errno=0, si_code=1 (SEGV_MAPERR), si_addr=0x0000000baabf1834

Registers:
RAX=0x00000007c0061a18, RBX=0x0000000000000002, RCX=0x0000000000000002, RDX=0x00000000f55831d6
RSP=0x000000010e560730, RBP=0x00000000ffffffff, RSI=0x00000007aac18d40, RDI=0x0000000000000001
R8 =0x0000000000000002, R9 =0x0000000000000006, R10=0x0000000000000009, R11=0x00000007aabf1828
R12=0x0000000000000000, R13=0x00000007aabf17b0, R14=0x00000007c00e10a8, R15=0x00007f872a80c000
RIP=0x000000011018a20d, EFLAGS=0x0000000000010246, ERR=0x0000000000000004
  TRAPNO=0x000000000000000e

Top of Stack: (sp=0x000000010e560730)
0x000000010e560730:   0000000500000006 00000007aabf17b0
0x000000010e560740:   00000003f55831d6 0000000200000001
0x000000010e560750:   00000007aac18e38 00000007aac18e50
0x000000010e560760:   00000007aac18ef8 00000007c00e10a8
0x000000010e560770:   00000007c0061a18 00000007aac18d40
0x000000010e560780:   f557e30500000002 0000000100000000
0x000000010e560790:   0000000000000007 0000000121b08840
0x000000010e5607a0:   0000000000000000 000000010e5607e0
0x000000010e5607b0:   000000010e560838 000000010fcc7210
0x000000010e5607c0:   00000007aac18e20 000000010fcc7210
0x000000010e5607d0:   00000007aac18c60 0000000000000001
0x000000010e5607e0:   00000007aabf17b0 0000000780028038
0x000000010e5607f0:   00000007800b61b0 000000010e5607f8
0x000000010e560800:   0000000121de465d 000000010e560870
0x000000010e560810:   0000000121de9468 0000000000000000
0x000000010e560820:   0000000121de4700 000000010e5607d0
0x000000010e560830:   000000010e560860 000000010e5608c0
0x000000010e560840:   000000010fcc7210 0000000000000006
0x000000010e560850:   0000000000000006 00000007aac18c60
0x000000010e560860:   0000000000000001 00000007aabf17b0
0x000000010e560870:   0000000780028038 0000000780028078
0x000000010e560880:   000000010e560880 0000000121de371e
0x000000010e560890:   000000010e560948 0000000121de3a48
0x000000010e5608a0:   0000000000000000 0000000121de3958
0x000000010e5608b0:   000000010e560860 000000010e560948
0x000000010e5608c0:   000000010e5609b0 000000010fcc04e7
0x000000010e5608d0:   0000000000000000 0000000000000000
0x000000010e5608e0:   000000000000000d 00000007aae38490
0x000000010e5608f0:   0000000000000000 0000000000000000
0x000000010e560900:   0000000000000000 0000000000000001
0x000000010e560910:   0000000000000000 0000000780028090
0x000000010e560920:   0000000000000000 0000000780028078 

Instructions: (pc=0x000000011018a20d)
0x000000011018a1ed:   f8 02 74 1c 3b 5c 24 1c 75 16 41 3b e9 0f 83 41
0x000000011018a1fd:   21 00 00 41 8b 5c ab 10 85 db 0f 84 20 24 00 00
0x000000011018a20d:   41 8b 7c ab 10 41 8b c8 83 c1 fc 41 8b 74 8b 10
0x000000011018a21d:   41 83 f8 03 0f 84 c7 03 00 00 41 83 f8 02 0f 84 

Register to memory mapping:

RAX=0x00000007c0061a18 is an unknown value
RBX=0x0000000000000002 is an unknown value
RCX=0x0000000000000002 is an unknown value
RDX=0x00000000f55831d6 is an unknown value
RSP=0x000000010e560730 is pointing into the stack for thread: 0x00007f872a80c000
RBP=0x00000000ffffffff is an unknown value
RSI=0x00000007aac18d40 is an oop
java.awt.Point 
 - klass: 'java/awt/Point'
RDI=0x0000000000000001 is an unknown value
R8 =0x0000000000000002 is an unknown value
R9 =0x0000000000000006 is an unknown value
R10=0x0000000000000009 is an unknown value
R11=0x00000007aabf1828 is an oop
[I 
 - klass: {type array int}
 - length: 6
R12=0x0000000000000000 is an unknown value
R13=0x00000007aabf17b0 is an oop
[[I 
 - klass: {type array int}[]
 - length: 6
R14=0x00000007c00e10a8 is an unknown value
R15=0x00007f872a80c000 is a thread


Stack: [0x000000010e461000,0x000000010e561000],  sp=0x000000010e560730,  free space=1021k
Native frames: (J=compiled Java code, j=interpreted, Vv=VM code, C=native code)
J 534 C2 MainPackage.MovesClass.SearchInRows([[IILjava/util/List;)Ljava/util/List; (2751 bytes) @ 0x000000011018a20d [0x0000000110189de0+0x42d]
j  MainPackage.MovesClass.ValidMovements([[II)Ljava/util/List;+101
j  MainPackage.MainClass.main([Ljava/lang/String;)V+166
v  ~StubRoutines::call_stub
V  [libjvm.dylib+0x2c5186]
V  [libjvm.dylib+0x2f9c4a]
V  [libjvm.dylib+0x2f2e93]
C  [java+0x2c89]  JavaMain+0x998
C  [libsystem_pthread.dylib+0x32fc]  _pthread_body+0x83
C  [libsystem_pthread.dylib+0x3279]  _pthread_body+0x0
C  [libsystem_pthread.dylib+0x14b1]  thread_start+0xd


---------------  P R O C E S S  ---------------

Java Threads: ( => current thread )
  0x00007f872b926800 JavaThread "AWT-EventQueue-0" [_thread_blocked, id=58899, stack(0x000000012abdf000,0x000000012acdf000)]
  0x00007f872c06a000 JavaThread "Java2D Disposer" daemon [_thread_blocked, id=51723, stack(0x00000001299af000,0x0000000129aaf000)]
  0x00007f872b884000 JavaThread "Java2D Queue Flusher" daemon [_thread_blocked, id=48159, stack(0x0000000129500000,0x0000000129600000)]
  0x00007f872a887800 JavaThread "AWT-Shutdown" [_thread_blocked, id=28179, stack(0x0000000126bbf000,0x0000000126cbf000)]
  0x00007f872b077000 JavaThread "AppKit Thread" daemon [_thread_in_native, id=1811, stack(0x00007fff510b5000,0x00007fff518b5000)]
  0x00007f872b04c800 JavaThread "Service Thread" daemon [_thread_blocked, id=18179, stack(0x00000001253d3000,0x00000001254d3000)]
  0x00007f872b042000 JavaThread "C1 CompilerThread2" daemon [_thread_blocked, id=17667, stack(0x00000001252d0000,0x00000001253d0000)]
  0x00007f872b03e000 JavaThread "C2 CompilerThread1" daemon [_thread_blocked, id=17155, stack(0x00000001251cd000,0x00000001252cd000)]
  0x00007f872b03c800 JavaThread "C2 CompilerThread0" daemon [_thread_blocked, id=16643, stack(0x00000001250ca000,0x00000001251ca000)]
  0x00007f872b041000 JavaThread "Signal Dispatcher" daemon [_thread_blocked, id=13335, stack(0x0000000124fc7000,0x00000001250c7000)]
  0x00007f872b83e800 JavaThread "Finalizer" daemon [_thread_blocked, id=11523, stack(0x000000012368d000,0x000000012378d000)]
  0x00007f872b83e000 JavaThread "Reference Handler" daemon [_thread_blocked, id=11011, stack(0x000000012358a000,0x000000012368a000)]
=>0x00007f872a80c000 JavaThread "main" [_thread_in_Java, id=4867, stack(0x000000010e461000,0x000000010e561000)]

Other Threads:
  0x00007f872b83b000 VMThread [stack: 0x0000000123487000,0x0000000123587000] [id=10499]
  0x00007f872c00f800 WatcherThread [stack: 0x00000001254d6000,0x00000001255d6000] [id=18691]

VM state:not at safepoint (normal execution)

VM Mutex/Monitor currently owned by a thread: None

Heap:
 PSYoungGen      total 2560K, used 2149K [0x00000007aab00000, 0x00000007ab000000, 0x00000007c0000000)
  eden space 1536K, 74% used [0x00000007aab00000,0x00000007aac1ca08,0x00000007aac80000)
  from space 1024K, 98% used [0x00000007aae00000,0x00000007aaefcb00,0x00000007aaf00000)
  to   space 1536K, 0% used [0x00000007aac80000,0x00000007aac80000,0x00000007aae00000)
 ParOldGen       total 64000K, used 1093K [0x0000000780000000, 0x0000000783e80000, 0x00000007aab00000)
  object space 64000K, 1% used [0x0000000780000000,0x0000000780111628,0x0000000783e80000)
 Metaspace       used 9062K, capacity 9214K, committed 9344K, reserved 1056768K
  class space    used 1094K, capacity 1141K, committed 1152K, reserved 1048576K

Card table byte_map: [0x000000011f080000,0x000000011f281000] byte_map_base: 0x000000011b480000

Marking Bits: (ParMarkBitMap*) 0x000000010f6660a0
 Begin Bits: [0x000000011f7e3000, 0x00000001207e3000)
 End Bits:   [0x00000001207e3000, 0x00000001217e3000)

Polling page: 0x000000010e5a5000

CodeCache: size=245760Kb used=4869Kb max_used=4900Kb free=240890Kb
 bounds [0x000000010fcc0000, 0x00000001101a0000, 0x000000011ecc0000]
 total_blobs=1002 nmethods=534 adapters=384
 compilation: enabled

Compilation events (10 events):
Event: 34.243 Thread 0x00007f872b03e000  530 %     4       MainPackage.MovesClass::SearchInColumns @ 1389 (2715 bytes)
Event: 34.243 Thread 0x00007f872b042000  531       3       MainPackage.MovesClass::CheckForDuplicatesPoints (531 bytes)
Event: 34.247 Thread 0x00007f872b042000 nmethod 531 0x00000001100565d0 code [0x0000000110056ac0, 0x0000000110059388]
Event: 34.578 Thread 0x00007f872b03e000 nmethod 530% 0x000000011015fdd0 code [0x00000001101609e0, 0x00000001101669e0]
Event: 34.658 Thread 0x00007f872b03c800  532 %     4       MainPackage.MovesClass::SearchInRows @ 1425 (2751 bytes)
Event: 34.932 Thread 0x00007f872b03c800 nmethod 532% 0x000000011016dfd0 code [0x000000011016eba0, 0x0000000110174378]
Event: 35.049 Thread 0x00007f872b03e000  533 %     4       MainPackage.MovesClass::SearchInColumns @ 67 (2715 bytes)
Event: 35.373 Thread 0x00007f872b03e000 nmethod 533% 0x000000011017ae50 code [0x000000011017ba60, 0x0000000110181e10]
Event: 35.434 Thread 0x00007f872b03c800  534       4       MainPackage.MovesClass::SearchInRows (2751 bytes)
Event: 35.711 Thread 0x00007f872b03c800 nmethod 534 0x0000000110189290 code [0x0000000110189de0, 0x000000011018eb20]

GC Heap History (10 events):
Event: 1.366 GC heap before
{Heap before GC invocations=2 (full 0):
 PSYoungGen      total 1024K, used 992K [0x00000007aab00000, 0x00000007aad00000, 0x00000007c0000000)
  eden space 512K, 100% used [0x00000007aab00000,0x00000007aab80000,0x00000007aab80000)
  from space 512K, 93% used [0x00000007aab80000,0x00000007aabf8020,0x00000007aac00000)
  to   space 512K, 0% used [0x00000007aac80000,0x00000007aac80000,0x00000007aad00000)
 ParOldGen       total 64000K, used 8K [0x0000000780000000, 0x0000000783e80000, 0x00000007aab00000)
  object space 64000K, 0% used [0x0000000780000000,0x0000000780002000,0x0000000783e80000)
 Metaspace       used 4201K, capacity 4698K, committed 4992K, reserved 1056768K
  class space    used 466K, capacity 522K, committed 640K, reserved 1048576K
Event: 1.367 GC heap after
Heap after GC invocations=2 (full 0):
 PSYoungGen      total 1024K, used 480K [0x00000007aab00000, 0x00000007aad00000, 0x00000007c0000000)
  eden space 512K, 0% used [0x00000007aab00000,0x00000007aab00000,0x00000007aab80000)
  from space 512K, 93% used [0x00000007aac80000,0x00000007aacf8020,0x00000007aad00000)
  to   space 512K, 0% used [0x00000007aab80000,0x00000007aab80000,0x00000007aac00000)
 ParOldGen       total 64000K, used 152K [0x0000000780000000, 0x0000000783e80000, 0x00000007aab00000)
  object space 64000K, 0% used [0x0000000780000000,0x0000000780026000,0x0000000783e80000)
 Metaspace       used 4201K, capacity 4698K, committed 4992K, reserved 1056768K
  class space    used 466K, capacity 522K, committed 640K, reserved 1048576K
}
Event: 1.400 GC heap before
{Heap before GC invocations=3 (full 0):
 PSYoungGen      total 1024K, used 992K [0x00000007aab00000, 0x00000007aad00000, 0x00000007c0000000)
  eden space 512K, 100% used [0x00000007aab00000,0x00000007aab80000,0x00000007aab80000)
  from space 512K, 93% used [0x00000007aac80000,0x00000007aacf8020,0x00000007aad00000)
  to   space 512K, 0% used [0x00000007aab80000,0x00000007aab80000,0x00000007aac00000)
 ParOldGen       total 64000K, used 152K [0x0000000780000000, 0x0000000783e80000, 0x00000007aab00000)
  object space 64000K, 0% used [0x0000000780000000,0x0000000780026000,0x0000000783e80000)
 Metaspace       used 4600K, capacity 4774K, committed 4992K, reserved 1056768K
  class space    used 513K, capacity 576K, committed 640K, reserved 1048576K
Event: 1.401 GC heap after
Heap after GC invocations=3 (full 0):
 PSYoungGen      total 1024K, used 480K [0x00000007aab00000, 0x00000007aad00000, 0x00000007c0000000)
  eden space 512K, 0% used [0x00000007aab00000,0x00000007aab00000,0x00000007aab80000)
  from space 512K, 93% used [0x00000007aab80000,0x00000007aabf8020,0x00000007aac00000)
  to   space 512K, 0% used [0x00000007aac80000,0x00000007aac80000,0x00000007aad00000)
 ParOldGen       total 64000K, used 256K [0x0000000780000000, 0x0000000783e80000, 0x00000007aab00000)
  object space 64000K, 0% used [0x0000000780000000,0x0000000780040000,0x0000000783e80000)
 Metaspace       used 4600K, capacity 4774K, committed 4992K, reserved 1056768K
  class space    used 513K, capacity 576K, committed 640K, reserved 1048576K
}
Event: 1.566 GC heap before
{Heap before GC invocations=4 (full 0):
 PSYoungGen      total 1024K, used 992K [0x00000007aab00000, 0x00000007aad00000, 0x00000007c0000000)
  eden space 512K, 100% used [0x00000007aab00000,0x00000007aab80000,0x00000007aab80000)
  from space 512K, 93% used [0x00000007aab80000,0x00000007aabf8020,0x00000007aac00000)
  to   space 512K, 0% used [0x00000007aac80000,0x00000007aac80000,0x00000007aad00000)
 ParOldGen       total 64000K, used 256K [0x0000000780000000, 0x0000000783e80000, 0x00000007aab00000)
  object space 64000K, 0% used [0x0000000780000000,0x0000000780040000,0x0000000783e80000)
 Metaspace       used 6182K, capacity 6316K, committed 6400K, reserved 1056768K
  class space    used 702K, capacity 753K, committed 768K, reserved 1048576K
Event: 1.568 GC heap after
Heap after GC invocations=4 (full 0):
 PSYoungGen      total 1536K, used 480K [0x00000007aab00000, 0x00000007aad00000, 0x00000007c0000000)
  eden space 1024K, 0% used [0x00000007aab00000,0x00000007aab00000,0x00000007aac00000)
  from space 512K, 93% used [0x00000007aac80000,0x00000007aacf8020,0x00000007aad00000)
  to   space 512K, 0% used [0x00000007aac00000,0x00000007aac00000,0x00000007aac80000)
 ParOldGen       total 64000K, used 440K [0x0000000780000000, 0x0000000783e80000, 0x00000007aab00000)
  object space 64000K, 0% used [0x0000000780000000,0x000000078006e000,0x0000000783e80000)
 Metaspace       used 6182K, capacity 6316K, committed 6400K, reserved 1056768K
  class space    used 702K, capacity 753K, committed 768K, reserved 1048576K
}
Event: 2.366 GC heap before
{Heap before GC invocations=5 (full 0):
 PSYoungGen      total 1536K, used 1504K [0x00000007aab00000, 0x00000007aad00000, 0x00000007c0000000)
  eden space 1024K, 100% used [0x00000007aab00000,0x00000007aac00000,0x00000007aac00000)
  from space 512K, 93% used [0x00000007aac80000,0x00000007aacf8020,0x00000007aad00000)
  to   space 512K, 0% used [0x00000007aac00000,0x00000007aac00000,0x00000007aac80000)
 ParOldGen       total 64000K, used 440K [0x0000000780000000, 0x0000000783e80000, 0x00000007aab00000)
  object space 64000K, 0% used [0x0000000780000000,0x000000078006e000,0x0000000783e80000)
 Metaspace       used 8490K, capacity 8638K, committed 8832K, reserved 1056768K
  class space    used 1030K, capacity 1077K, committed 1152K, reserved 1048576K
Event: 2.370 GC heap after
Heap after GC invocations=5 (full 0):
 PSYoungGen      total 1536K, used 498K [0x00000007aab00000, 0x00000007aaf00000, 0x00000007c0000000)
  eden space 1024K, 0% used [0x00000007aab00000,0x00000007aab00000,0x00000007aac00000)
  from space 512K, 97% used [0x00000007aac00000,0x00000007aac7cb00,0x00000007aac80000)
  to   space 1024K, 0% used [0x00000007aae00000,0x00000007aae00000,0x00000007aaf00000)
 ParOldGen       total 64000K, used 997K [0x0000000780000000, 0x0000000783e80000, 0x00000007aab00000)
  object space 64000K, 1% used [0x0000000780000000,0x00000007800f9628,0x0000000783e80000)
 Metaspace       used 8490K, capacity 8638K, committed 8832K, reserved 1056768K
  class space    used 1030K, capacity 1077K, committed 1152K, reserved 1048576K
}
Event: 2.938 GC heap before
{Heap before GC invocations=6 (full 0):
 PSYoungGen      total 1536K, used 1522K [0x00000007aab00000, 0x00000007aaf00000, 0x00000007c0000000)
  eden space 1024K, 100% used [0x00000007aab00000,0x00000007aac00000,0x00000007aac00000)
  from space 512K, 97% used [0x00000007aac00000,0x00000007aac7cb00,0x00000007aac80000)
  to   space 1024K, 0% used [0x00000007aae00000,0x00000007aae00000,0x00000007aaf00000)
 ParOldGen       total 64000K, used 997K [0x0000000780000000, 0x0000000783e80000, 0x00000007aab00000)
  object space 64000K, 1% used [0x0000000780000000,0x00000007800f9628,0x0000000783e80000)
 Metaspace       used 8588K, capacity 8734K, committed 8832K, reserved 1056768K
  class space    used 1043K, capacity 1109K, committed 1152K, reserved 1048576K
Event: 2.942 GC heap after
Heap after GC invocations=6 (full 0):
 PSYoungGen      total 2560K, used 1010K [0x00000007aab00000, 0x00000007ab000000, 0x00000007c0000000)
  eden space 1536K, 0% used [0x00000007aab00000,0x00000007aab00000,0x00000007aac80000)
  from space 1024K, 98% used [0x00000007aae00000,0x00000007aaefcb00,0x00000007aaf00000)
  to   space 1536K, 0% used [0x00000007aac80000,0x00000007aac80000,0x00000007aae00000)
 ParOldGen       total 64000K, used 1093K [0x0000000780000000, 0x0000000783e80000, 0x00000007aab00000)
  object space 64000K, 1% used [0x0000000780000000,0x0000000780111628,0x0000000783e80000)
 Metaspace       used 8588K, capacity 8734K, committed 8832K, reserved 1056768K
  class space    used 1043K, capacity 1109K, committed 1152K, reserved 1048576K
}

Deoptimization events (0 events):
No events

Internal exceptions (10 events):
Event: 1.395 Thread 0x00007f872a80c000 Exception <a 'java/lang/NoSuchFieldError': method resolution failed> (0x00000007aab6e410) thrown at [/HUDSON/workspace/8-2-build-macosx-x86_64/jdk8u5/2488/hotspot/src/share/vm/prims/methodHandles.cpp, line 1159]
Event: 1.398 Thread 0x00007f872a80c000 Exception <a 'java/lang/NoSuchFieldError': method resolution failed> (0x00000007aab7d328) thrown at [/HUDSON/workspace/8-2-build-macosx-x86_64/jdk8u5/2488/hotspot/src/share/vm/prims/methodHandles.cpp, line 1159]
Event: 1.402 Thread 0x00007f872a80c000 Exception <a 'java/lang/NoSuchFieldError': method resolution failed> (0x00000007aab007e0) thrown at [/HUDSON/workspace/8-2-build-macosx-x86_64/jdk8u5/2488/hotspot/src/share/vm/prims/methodHandles.cpp, line 1159]
Event: 1.626 Thread 0x00007f872a80c000 Exception <a 'java/security/PrivilegedActionException'> (0x00000007aab226e0) thrown at [/HUDSON/workspace/8-2-build-macosx-x86_64/jdk8u5/2488/hotspot/src/share/vm/prims/jvm.cpp, line 1248]
Event: 1.626 Thread 0x00007f872a80c000 Exception <a 'java/security/PrivilegedActionException'> (0x00000007aab23b88) thrown at [/HUDSON/workspace/8-2-build-macosx-x86_64/jdk8u5/2488/hotspot/src/share/vm/prims/jvm.cpp, line 1248]
Event: 1.626 Thread 0x00007f872a80c000 Exception <a 'java/security/PrivilegedActionException'> (0x00000007aab25988) thrown at [/HUDSON/workspace/8-2-build-macosx-x86_64/jdk8u5/2488/hotspot/src/share/vm/prims/jvm.cpp, line 1248]
Event: 1.626 Thread 0x00007f872a80c000 Exception <a 'java/security/PrivilegedActionException'> (0x00000007aab26cc8) thrown at [/HUDSON/workspace/8-2-build-macosx-x86_64/jdk8u5/2488/hotspot/src/share/vm/prims/jvm.cpp, line 1248]
Event: 1.628 Thread 0x00007f872a80c000 Exception <a 'java/security/PrivilegedActionException'> (0x00000007aab30758) thrown at [/HUDSON/workspace/8-2-build-macosx-x86_64/jdk8u5/2488/hotspot/src/share/vm/prims/jvm.cpp, line 1248]
Event: 1.628 Thread 0x00007f872a80c000 Exception <a 'java/security/PrivilegedActionException'> (0x00000007aab31a70) thrown at [/HUDSON/workspace/8-2-build-macosx-x86_64/jdk8u5/2488/hotspot/src/share/vm/prims/jvm.cpp, line 1248]
Event: 2.372 Thread 0x00007f872b83e800 Exception <a 'java/lang/NullPointerException'> (0x00000007aab03dc8) thrown at [/HUDSON/workspace/8-2-build-macosx-x86_64/jdk8u5/2488/hotspot/src/share/vm/interpreter/linkResolver.cpp, line 1169]

Events (10 events):
Event: 5.701 loading class java/util/Random done
Event: 6.695 Thread 0x00007f872aa91800 Thread exited: 0x00007f872aa91800
Event: 30.417 Thread 0x00007f872a80c000 DEOPT PACKING pc=0x000000010ff873d6 sp=0x000000010e55fbe0
Event: 30.417 Thread 0x00007f872a80c000 DEOPT UNPACKING pc=0x000000010fd0701a sp=0x000000010e5603c0 mode 0
Event: 31.474 Thread 0x00007f872a80c000 DEOPT PACKING pc=0x000000010ff873d6 sp=0x000000010e55fbe0
Event: 31.474 Thread 0x00007f872a80c000 DEOPT UNPACKING pc=0x000000010fd0701a sp=0x000000010e5603c0 mode 0
Event: 32.431 Thread 0x00007f872a80c000 DEOPT PACKING pc=0x000000010ff88084 sp=0x000000010e55fbe0
Event: 32.431 Thread 0x00007f872a80c000 DEOPT UNPACKING pc=0x000000010fd0701a sp=0x000000010e5603c0 mode 0
Event: 35.434 Thread 0x00007f872a80c000 DEOPT PACKING pc=0x00000001100b008a sp=0x000000010e560040
Event: 35.434 Thread 0x00007f872a80c000 DEOPT UNPACKING pc=0x000000010fd0701a sp=0x000000010e560490 mode 0


Dynamic libraries:
0x000000000a665000 	/System/Library/Frameworks/Cocoa.framework/Versions/A/Cocoa
0x000000000a665000 	/System/Library/Frameworks/Security.framework/Versions/A/Security
0x000000000a665000 	/System/Library/Frameworks/ApplicationServices.framework/Versions/A/ApplicationServices
0x000000000a665000 	/usr/lib/libz.1.dylib
0x000000000a665000 	/usr/lib/libSystem.B.dylib
0x000000000a665000 	/usr/lib/libobjc.A.dylib
0x000000000a665000 	/System/Library/Frameworks/CoreFoundation.framework/Versions/A/CoreFoundation
0x000000000a665000 	/System/Library/Frameworks/Foundation.framework/Versions/C/Foundation
0x000000000a665000 	/System/Library/Frameworks/AppKit.framework/Versions/C/AppKit
0x000000000a665000 	/System/Library/Frameworks/CoreData.framework/Versions/A/CoreData
0x000000000a665000 	/System/Library/PrivateFrameworks/RemoteViewServices.framework/Versions/A/RemoteViewServices
0x000000000a665000 	/System/Library/PrivateFrameworks/UIFoundation.framework/Versions/A/UIFoundation
0x000000000a665000 	/System/Library/Frameworks/IOSurface.framework/Versions/A/IOSurface
0x000000000a665000 	/System/Library/Frameworks/AudioToolbox.framework/Versions/A/AudioToolbox
0x000000000a665000 	/System/Library/Frameworks/AudioUnit.framework/Versions/A/AudioUnit
0x000000000a665000 	/System/Library/PrivateFrameworks/DataDetectorsCore.framework/Versions/A/DataDetectorsCore
0x000000000a665000 	/System/Library/PrivateFrameworks/DesktopServicesPriv.framework/Versions/A/DesktopServicesPriv
0x000000000a665000 	/System/Library/Frameworks/Carbon.framework/Versions/A/Frameworks/HIToolbox.framework/Versions/A/HIToolbox
0x000000000a665000 	/System/Library/Frameworks/QuartzCore.framework/Versions/A/QuartzCore
0x000000000a665000 	/System/Library/Frameworks/Carbon.framework/Versions/A/Frameworks/SpeechRecognition.framework/Versions/A/SpeechRecognition
0x000000000a665000 	/usr/lib/libauto.dylib
0x000000000a665000 	/usr/lib/libicucore.A.dylib
0x000000000a665000 	/usr/lib/libxml2.2.dylib
0x000000000a665000 	/System/Library/PrivateFrameworks/CoreUI.framework/Versions/A/CoreUI
0x000000000a665000 	/System/Library/Frameworks/CoreAudio.framework/Versions/A/CoreAudio
0x000000000a665000 	/System/Library/Frameworks/DiskArbitration.framework/Versions/A/DiskArbitration
0x000000000a665000 	/usr/lib/liblangid.dylib
0x000000000a665000 	/System/Library/PrivateFrameworks/MultitouchSupport.framework/Versions/A/MultitouchSupport
0x000000000a665000 	/System/Library/Frameworks/IOKit.framework/Versions/A/IOKit
0x000000000a665000 	/usr/lib/libDiagnosticMessagesClient.dylib
0x000000000a665000 	/System/Library/Frameworks/CoreServices.framework/Versions/A/CoreServices
0x000000000a665000 	/System/Library/PrivateFrameworks/PerformanceAnalysis.framework/Versions/A/PerformanceAnalysis
0x000000000a665000 	/System/Library/PrivateFrameworks/GenerationalStorage.framework/Versions/A/GenerationalStorage
0x000000000a665000 	/System/Library/Frameworks/OpenGL.framework/Versions/A/OpenGL
0x000000000a665000 	/System/Library/PrivateFrameworks/Sharing.framework/Versions/A/Sharing
0x000000000a665000 	/System/Library/Frameworks/CoreGraphics.framework/Versions/A/CoreGraphics
0x000000000a665000 	/System/Library/Frameworks/CoreText.framework/Versions/A/CoreText
0x000000000a665000 	/System/Library/Frameworks/ImageIO.framework/Versions/A/ImageIO
0x000000000a665000 	/usr/lib/libextension.dylib
0x000000000a665000 	/System/Library/PrivateFrameworks/Backup.framework/Versions/A/Backup
0x000000000a665000 	/usr/lib/libarchive.2.dylib
0x000000000a665000 	/System/Library/Frameworks/CFNetwork.framework/Versions/A/CFNetwork
0x000000000a665000 	/System/Library/Frameworks/SystemConfiguration.framework/Versions/A/SystemConfiguration
0x000000000a665000 	/usr/lib/libCRFSuite.dylib
0x000000000a665000 	/usr/lib/libc++.1.dylib
0x000000000a665000 	/usr/lib/libc++abi.dylib
0x000000000a665000 	/usr/lib/system/libcache.dylib
0x000000000a665000 	/usr/lib/system/libcommonCrypto.dylib
0x000000000a665000 	/usr/lib/system/libcompiler_rt.dylib
0x000000000a665000 	/usr/lib/system/libcopyfile.dylib
0x000000000a665000 	/usr/lib/system/libcorecrypto.dylib
0x000000000a665000 	/usr/lib/system/libdispatch.dylib
0x000000000a665000 	/usr/lib/system/libdyld.dylib
0x000000000a665000 	/usr/lib/system/libkeymgr.dylib
0x000000000a665000 	/usr/lib/system/liblaunch.dylib
0x000000000a665000 	/usr/lib/system/libmacho.dylib
0x000000000a665000 	/usr/lib/system/libquarantine.dylib
0x000000000a665000 	/usr/lib/system/libremovefile.dylib
0x000000000a665000 	/usr/lib/system/libsystem_asl.dylib
0x000000000a665000 	/usr/lib/system/libsystem_blocks.dylib
0x000000000a665000 	/usr/lib/system/libsystem_c.dylib
0x000000000a665000 	/usr/lib/system/libsystem_configuration.dylib
0x000000000a665000 	/usr/lib/system/libsystem_coreservices.dylib
0x000000000a665000 	/usr/lib/system/libsystem_coretls.dylib
0x000000000a665000 	/usr/lib/system/libsystem_dnssd.dylib
0x000000000a665000 	/usr/lib/system/libsystem_info.dylib
0x000000000a665000 	/usr/lib/system/libsystem_kernel.dylib
0x000000000a665000 	/usr/lib/system/libsystem_m.dylib
0x000000000a665000 	/usr/lib/system/libsystem_malloc.dylib
0x000000000a665000 	/usr/lib/system/libsystem_network.dylib
0x000000000a665000 	/usr/lib/system/libsystem_networkextension.dylib
0x000000000a665000 	/usr/lib/system/libsystem_notify.dylib
0x000000000a665000 	/usr/lib/system/libsystem_platform.dylib
0x000000000a665000 	/usr/lib/system/libsystem_pthread.dylib
0x000000000a665000 	/usr/lib/system/libsystem_sandbox.dylib
0x000000000a665000 	/usr/lib/system/libsystem_secinit.dylib
0x000000000a665000 	/usr/lib/system/libsystem_stats.dylib
0x000000000a665000 	/usr/lib/system/libsystem_trace.dylib
0x000000000a665000 	/usr/lib/system/libunc.dylib
0x000000000a665000 	/usr/lib/system/libunwind.dylib
0x000000000a665000 	/usr/lib/system/libxpc.dylib
0x000000000a665000 	/usr/lib/libbz2.1.0.dylib
0x000000000a665000 	/usr/lib/liblzma.5.dylib
0x000000000a665000 	/usr/lib/libbsm.0.dylib
0x000000000a665000 	/usr/lib/libsqlite3.dylib
0x000000000a665000 	/usr/lib/system/libkxld.dylib
0x000000000a665000 	/usr/lib/libxar.1.dylib
0x000000000a665000 	/usr/lib/libpam.2.dylib
0x000000000a665000 	/usr/lib/libOpenScriptingUtil.dylib
0x000000000a665000 	/System/Library/Frameworks/CoreServices.framework/Versions/A/Frameworks/FSEvents.framework/Versions/A/FSEvents
0x000000000a665000 	/System/Library/Frameworks/CoreServices.framework/Versions/A/Frameworks/CarbonCore.framework/Versions/A/CarbonCore
0x000000000a665000 	/System/Library/Frameworks/CoreServices.framework/Versions/A/Frameworks/Metadata.framework/Versions/A/Metadata
0x000000000a665000 	/System/Library/Frameworks/CoreServices.framework/Versions/A/Frameworks/OSServices.framework/Versions/A/OSServices
0x000000000a665000 	/System/Library/Frameworks/CoreServices.framework/Versions/A/Frameworks/SearchKit.framework/Versions/A/SearchKit
0x000000000a665000 	/System/Library/Frameworks/CoreServices.framework/Versions/A/Frameworks/AE.framework/Versions/A/AE
0x000000000a665000 	/System/Library/Frameworks/CoreServices.framework/Versions/A/Frameworks/LaunchServices.framework/Versions/A/LaunchServices
0x000000000a665000 	/System/Library/Frameworks/CoreServices.framework/Versions/A/Frameworks/DictionaryServices.framework/Versions/A/DictionaryServices
0x000000000a665000 	/System/Library/Frameworks/NetFS.framework/Versions/A/NetFS
0x000000000a665000 	/System/Library/PrivateFrameworks/NetAuth.framework/Versions/A/NetAuth
0x000000000a665000 	/System/Library/PrivateFrameworks/login.framework/Versions/A/Frameworks/loginsupport.framework/Versions/A/loginsupport
0x000000000a665000 	/System/Library/PrivateFrameworks/TCC.framework/Versions/A/TCC
0x000000000a665000 	/usr/lib/libmecabra.dylib
0x000000000a665000 	/System/Library/PrivateFrameworks/LanguageModeling.framework/Versions/A/LanguageModeling
0x000000000a665000 	/usr/lib/libcmph.dylib
0x000000000a665000 	/usr/lib/libiconv.2.dylib
0x000000000a665000 	/System/Library/Frameworks/OpenDirectory.framework/Versions/A/Frameworks/CFOpenDirectory.framework/Versions/A/CFOpenDirectory
0x000000000a665000 	/System/Library/Frameworks/ServiceManagement.framework/Versions/A/ServiceManagement
0x000000000a665000 	/usr/lib/libxslt.1.dylib
0x000000000a665000 	/System/Library/Frameworks/Carbon.framework/Versions/A/Frameworks/Ink.framework/Versions/A/Ink
0x000000000a665000 	/System/Library/Frameworks/ApplicationServices.framework/Versions/A/Frameworks/ATS.framework/Versions/A/ATS
0x000000000a665000 	/System/Library/Frameworks/ApplicationServices.framework/Versions/A/Frameworks/ColorSync.framework/Versions/A/ColorSync
0x000000000a665000 	/System/Library/Frameworks/ApplicationServices.framework/Versions/A/Frameworks/HIServices.framework/Versions/A/HIServices
0x000000000a665000 	/System/Library/Frameworks/ApplicationServices.framework/Versions/A/Frameworks/LangAnalysis.framework/Versions/A/LangAnalysis
0x000000000a665000 	/System/Library/Frameworks/ApplicationServices.framework/Versions/A/Frameworks/PrintCore.framework/Versions/A/PrintCore
0x000000000a665000 	/System/Library/Frameworks/ApplicationServices.framework/Versions/A/Frameworks/QD.framework/Versions/A/QD
0x000000000a665000 	/System/Library/Frameworks/ApplicationServices.framework/Versions/A/Frameworks/SpeechSynthesis.framework/Versions/A/SpeechSynthesis
0x000000000a665000 	/System/Library/Frameworks/Accelerate.framework/Versions/A/Accelerate
0x000000000a665000 	/System/Library/Frameworks/Accelerate.framework/Versions/A/Frameworks/vImage.framework/Versions/A/vImage
0x000000000a665000 	/System/Library/Frameworks/Accelerate.framework/Versions/A/Frameworks/vecLib.framework/Versions/A/vecLib
0x000000000a665000 	/System/Library/Frameworks/Accelerate.framework/Versions/A/Frameworks/vecLib.framework/Versions/A/libvDSP.dylib
0x000000000a665000 	/System/Library/Frameworks/Accelerate.framework/Versions/A/Frameworks/vecLib.framework/Versions/A/libvMisc.dylib
0x000000000a665000 	/System/Library/Frameworks/Accelerate.framework/Versions/A/Frameworks/vecLib.framework/Versions/A/libLAPACK.dylib
0x000000000a665000 	/System/Library/Frameworks/Accelerate.framework/Versions/A/Frameworks/vecLib.framework/Versions/A/libBLAS.dylib
0x000000000a665000 	/System/Library/Frameworks/Accelerate.framework/Versions/A/Frameworks/vecLib.framework/Versions/A/libLinearAlgebra.dylib
0x000000000a665000 	/System/Library/Frameworks/ApplicationServices.framework/Versions/A/Frameworks/ATS.framework/Versions/A/Resources/libFontParser.dylib
0x000000000a665000 	/System/Library/Frameworks/ApplicationServices.framework/Versions/A/Frameworks/ATS.framework/Versions/A/Resources/libFontRegistry.dylib
0x000000000a665000 	/System/Library/PrivateFrameworks/AppleVPA.framework/Versions/A/AppleVPA
0x000000000a665000 	/System/Library/PrivateFrameworks/AppleJPEG.framework/Versions/A/AppleJPEG
0x000000000a665000 	/System/Library/Frameworks/ImageIO.framework/Versions/A/Resources/libJPEG.dylib
0x000000000a665000 	/System/Library/Frameworks/ImageIO.framework/Versions/A/Resources/libTIFF.dylib
0x000000000a665000 	/System/Library/Frameworks/ImageIO.framework/Versions/A/Resources/libPng.dylib
0x000000000a665000 	/System/Library/Frameworks/ImageIO.framework/Versions/A/Resources/libGIF.dylib
0x000000000a665000 	/System/Library/Frameworks/ImageIO.framework/Versions/A/Resources/libJP2.dylib
0x000000000a665000 	/System/Library/Frameworks/ImageIO.framework/Versions/A/Resources/libRadiance.dylib
0x000000000a665000 	/System/Library/Frameworks/CoreVideo.framework/Versions/A/CoreVideo
0x000000000a665000 	/System/Library/Frameworks/OpenGL.framework/Versions/A/Libraries/libGLU.dylib
0x000000000a665000 	/System/Library/Frameworks/OpenGL.framework/Versions/A/Libraries/libGFXShared.dylib
0x000000000a665000 	/System/Library/Frameworks/OpenGL.framework/Versions/A/Libraries/libGL.dylib
0x000000000a665000 	/System/Library/Frameworks/OpenGL.framework/Versions/A/Libraries/libGLImage.dylib
0x000000000a665000 	/System/Library/Frameworks/OpenGL.framework/Versions/A/Libraries/libCVMSPluginSupport.dylib
0x000000000a665000 	/System/Library/Frameworks/OpenGL.framework/Versions/A/Libraries/libCoreVMClient.dylib
0x000000000a665000 	/usr/lib/libcups.2.dylib
0x000000000a665000 	/System/Library/Frameworks/Kerberos.framework/Versions/A/Kerberos
0x000000000a665000 	/System/Library/Frameworks/GSS.framework/Versions/A/GSS
0x000000000a665000 	/usr/lib/libresolv.9.dylib
0x000000000a665000 	/System/Library/PrivateFrameworks/Heimdal.framework/Versions/A/Heimdal
0x000000000a665000 	/usr/lib/libheimdal-asn1.dylib
0x000000000a665000 	/System/Library/Frameworks/OpenDirectory.framework/Versions/A/OpenDirectory
0x000000000a665000 	/System/Library/PrivateFrameworks/CommonAuth.framework/Versions/A/CommonAuth
0x000000000a665000 	/System/Library/Frameworks/SecurityFoundation.framework/Versions/A/SecurityFoundation
0x000000000a665000 	/System/Library/Frameworks/QuartzCore.framework/Versions/A/Frameworks/CoreImage.framework/Versions/A/CoreImage
0x000000000a665000 	/System/Library/PrivateFrameworks/CrashReporterSupport.framework/Versions/A/CrashReporterSupport
0x000000000a665000 	/System/Library/Frameworks/OpenCL.framework/Versions/A/OpenCL
0x000000000a665000 	/System/Library/PrivateFrameworks/FaceCore.framework/Versions/A/FaceCore
0x000000000a665000 	/System/Library/PrivateFrameworks/Ubiquity.framework/Versions/A/Ubiquity
0x000000000a665000 	/System/Library/PrivateFrameworks/IconServices.framework/Versions/A/IconServices
0x000000000a665000 	/System/Library/PrivateFrameworks/ChunkingLibrary.framework/Versions/A/ChunkingLibrary
0x000000000a665000 	/System/Library/PrivateFrameworks/Apple80211.framework/Versions/A/Apple80211
0x000000000a665000 	/System/Library/Frameworks/CoreWLAN.framework/Versions/A/CoreWLAN
0x000000000a665000 	/System/Library/Frameworks/IOBluetooth.framework/Versions/A/IOBluetooth
0x000000000a665000 	/System/Library/PrivateFrameworks/CoreWiFi.framework/Versions/A/CoreWiFi
0x000000000a665000 	/System/Library/Frameworks/CoreBluetooth.framework/Versions/A/CoreBluetooth
0x000000000a665000 	/System/Library/PrivateFrameworks/DebugSymbols.framework/Versions/A/DebugSymbols
0x000000000a665000 	/System/Library/PrivateFrameworks/CoreSymbolication.framework/Versions/A/CoreSymbolication
0x000000000a665000 	/System/Library/PrivateFrameworks/Symbolication.framework/Versions/A/Symbolication
0x000000000a665000 	/System/Library/PrivateFrameworks/SpeechRecognitionCore.framework/Versions/A/SpeechRecognitionCore
0x000000010ee00000 	/Library/Java/JavaVirtualMachines/jdk1.8.0_05.jdk/Contents/Home/jre/lib/server/libjvm.dylib
0x000000000a665000 	/usr/lib/libstdc++.6.dylib
0x000000010e563000 	/Library/Java/JavaVirtualMachines/jdk1.8.0_05.jdk/Contents/Home/jre/lib/libverify.dylib
0x000000010e571000 	/Library/Java/JavaVirtualMachines/jdk1.8.0_05.jdk/Contents/Home/jre/lib/libjava.dylib
0x000000010e5af000 	/Library/Java/JavaVirtualMachines/jdk1.8.0_05.jdk/Contents/Home/jre/lib/libzip.dylib
0x000000012378f000 	/System/Library/Frameworks/JavaVM.framework/Frameworks/JavaRuntimeSupport.framework/JavaRuntimeSupport
0x00000001237a5000 	/System/Library/Frameworks/JavaVM.framework/Versions/A/Frameworks/JavaNativeFoundation.framework/Versions/A/JavaNativeFoundation
0x00000001237b9000 	/System/Library/Frameworks/JavaVM.framework/Versions/A/JavaVM
0x000000000a665000 	/System/Library/Frameworks/Carbon.framework/Versions/A/Carbon
0x000000010e5f5000 	/System/Library/PrivateFrameworks/JavaLaunching.framework/Versions/A/JavaLaunching
0x000000000a665000 	/System/Library/Frameworks/Carbon.framework/Versions/A/Frameworks/CommonPanels.framework/Versions/A/CommonPanels
0x000000000a665000 	/System/Library/Frameworks/Carbon.framework/Versions/A/Frameworks/Help.framework/Versions/A/Help
0x000000000a665000 	/System/Library/Frameworks/Carbon.framework/Versions/A/Frameworks/ImageCapture.framework/Versions/A/ImageCapture
0x000000000a665000 	/System/Library/Frameworks/Carbon.framework/Versions/A/Frameworks/OpenScripting.framework/Versions/A/OpenScripting
0x000000000a665000 	/System/Library/Frameworks/Carbon.framework/Versions/A/Frameworks/Print.framework/Versions/A/Print
0x000000000a665000 	/System/Library/Frameworks/Carbon.framework/Versions/A/Frameworks/SecurityHI.framework/Versions/A/SecurityHI
0x00000001255da000 	/Library/Java/JavaVirtualMachines/jdk1.8.0_05.jdk/Contents/Home/jre/lib/libawt.dylib
0x0000000125689000 	/Library/Java/JavaVirtualMachines/jdk1.8.0_05.jdk/Contents/Home/jre/lib/./libmlib_image.dylib
0x0000000125755000 	/Library/Java/JavaVirtualMachines/jdk1.8.0_05.jdk/Contents/Home/jre/lib/libawt_lwawt.dylib
0x0000000125807000 	/Library/Java/JavaVirtualMachines/jdk1.8.0_05.jdk/Contents/Home/jre/lib/./libosxapp.dylib
0x000000000a665000 	/System/Library/Frameworks/ExceptionHandling.framework/Versions/A/ExceptionHandling
0x000000000a665000 	/System/Library/PrivateFrameworks/CoreServicesInternal.framework/Versions/A/CoreServicesInternal
0x000000000a665000 	/System/Library/PrivateFrameworks/CloudDocs.framework/Versions/A/CloudDocs
0x000000000a665000 	/System/Library/PrivateFrameworks/CoreDuet.framework/Versions/A/CoreDuet
0x000000000a665000 	/System/Library/Frameworks/CloudKit.framework/Versions/A/CloudKit
0x000000000a665000 	/System/Library/PrivateFrameworks/ProtocolBuffer.framework/Versions/A/ProtocolBuffer
0x000000000a665000 	/System/Library/PrivateFrameworks/CoreDuetDaemonProtocol.framework/Versions/A/CoreDuetDaemonProtocol
0x000000000a665000 	/System/Library/PrivateFrameworks/CoreDuetDebugLogging.framework/Versions/A/CoreDuetDebugLogging
0x000000000a665000 	/System/Library/Frameworks/CoreLocation.framework/Versions/A/CoreLocation
0x000000000a665000 	/System/Library/Frameworks/Accounts.framework/Versions/A/Accounts
0x000000000a665000 	/System/Library/PrivateFrameworks/ApplePushService.framework/Versions/A/ApplePushService
0x000000000a665000 	/System/Library/PrivateFrameworks/GeoServices.framework/Versions/A/GeoServices
0x000000000a665000 	/System/Library/PrivateFrameworks/OAuth.framework/Versions/A/OAuth
0x000000000a665000 	/System/Library/PrivateFrameworks/CoreDaemon.framework/Versions/B/CoreDaemon
0x000000000a665000 	/usr/lib/libcrypto.0.9.8.dylib
0x000000000a665000 	/System/Library/PrivateFrameworks/AppleSRP.framework/Versions/A/AppleSRP
0x000000000a665000 	/System/Library/PrivateFrameworks/TrustEvaluationAgent.framework/Versions/A/TrustEvaluationAgent
0x000000000a665000 	/System/Library/Frameworks/CoreGraphics.framework/Versions/A/Resources/libCGCMS.A.dylib
0x000000000a665000 	/System/Library/Frameworks/CoreGraphics.framework/Versions/A/Resources/libRIP.A.dylib
0x000000000a665000 	/System/Library/Frameworks/CoreGraphics.framework/Versions/A/Resources/libCGXType.A.dylib
0x000000000a665000 	/System/Library/Frameworks/OpenCL.framework/Versions/A/Libraries/libcldcpuengine.dylib
0x000000000a665000 	/System/Library/PrivateFrameworks/DiskImages.framework/Versions/A/DiskImages
0x000000000a665000 	/System/Library/Frameworks/DiscRecording.framework/Versions/A/DiscRecording
0x000000000a665000 	/usr/lib/libcsfde.dylib
0x000000000a665000 	/usr/lib/libcurl.4.dylib
0x000000000a665000 	/System/Library/PrivateFrameworks/MediaKit.framework/Versions/A/MediaKit
0x000000000a665000 	/System/Library/PrivateFrameworks/ProtectedCloudStorage.framework/Versions/A/ProtectedCloudStorage
0x000000000a665000 	/usr/lib/libCoreStorage.dylib
0x000000000a665000 	/System/Library/PrivateFrameworks/EFILogin.framework/Versions/A/EFILogin
0x000000000a665000 	/usr/lib/libutil.dylib
0x000000000a665000 	/System/Library/PrivateFrameworks/FindMyDevice.framework/Versions/A/FindMyDevice
0x000000000a665000 	/System/Library/Frameworks/LDAP.framework/Versions/A/LDAP
0x000000000a665000 	/usr/lib/libsasl2.2.dylib
0x000000012833a000 	cl_kernels
0x000000012833c000 	/System/Library/Frameworks/OpenCL.framework/Versions/A/Libraries/ImageFormats/unorm8_bgra.dylib
0x000000012832b000 	cl_kernels
0x000000000a665000 	/System/Library/PrivateFrameworks/FamilyControls.framework/Versions/A/FamilyControls
0x000000000a665000 	/System/Library/PrivateFrameworks/CommerceKit.framework/Versions/A/Frameworks/CommerceCore.framework/Versions/A/CommerceCore
0x000000000a665000 	/System/Library/PrivateFrameworks/SystemAdministration.framework/Versions/A/SystemAdministration
0x000000000a665000 	/System/Library/PrivateFrameworks/AppContainer.framework/Versions/A/AppContainer
0x000000000a665000 	/System/Library/PrivateFrameworks/SecCodeWrapper.framework/Versions/A/SecCodeWrapper
0x000000000a665000 	/System/Library/Frameworks/DirectoryService.framework/Versions/A/DirectoryService
0x000000000a665000 	/System/Library/PrivateFrameworks/LoginUIKit.framework/Versions/A/Frameworks/LoginUICore.framework/Versions/A/LoginUICore
0x000000000a665000 	/usr/lib/libodfde.dylib
0x000000000a665000 	/System/Library/Frameworks/OpenGL.framework/Versions/A/Resources/GLEngine.bundle/GLEngine
0x000000000a665000 	/System/Library/Frameworks/OpenGL.framework/Versions/A/Libraries/libGLProgrammability.dylib
0x0000000000000000 	/System/Library/Extensions/AppleIntelHD3000GraphicsGLDriver.bundle/Contents/MacOS/AppleIntelHD3000GraphicsGLDriver
0x000000012786b000 	/System/Library/PrivateFrameworks/GPUSupport.framework/Versions/A/Libraries/libGPUSupport.dylib
0x000000000a665000 	/System/Library/Frameworks/OpenGL.framework/Versions/A/Resources/GLRendererFloat.bundle/GLRendererFloat
0x0000000129ab1000 	/Library/Java/JavaVirtualMachines/jdk1.8.0_05.jdk/Contents/Home/jre/lib/libfontmanager.dylib
0x0000000129b17000 	/Library/Java/JavaVirtualMachines/jdk1.8.0_05.jdk/Contents/Home/jre/lib/libosxui.dylib
0x000000012b9f4000 	/Library/Java/JavaVirtualMachines/jdk1.8.0_05.jdk/Contents/Home/jre/lib/libnet.dylib
0x000000012a506000 	/Library/Java/JavaVirtualMachines/jdk1.8.0_05.jdk/Contents/Home/jre/lib/libnio.dylib

VM Arguments:
jvm_args: -Dfile.encoding=UTF-8 
java_command: MainPackage.MainClass
java_class_path (initial): /Users/EnriqueMarquez/Documents/Eclipse/workspace/Reversi/bin
Launcher Type: SUN_STANDARD

Environment Variables:
PATH=/usr/bin:/bin:/usr/sbin:/sbin
SHELL=/bin/bash

Signal Handlers:
SIGSEGV: [libjvm.dylib+0x55f7df], sa_mask[0]=0xfffefeff, sa_flags=0x00000043
SIGBUS: [libjvm.dylib+0x55f7df], sa_mask[0]=0xfffefeff, sa_flags=0x00000042
SIGFPE: [libjvm.dylib+0x442cfa], sa_mask[0]=0xfffefeff, sa_flags=0x00000042
SIGPIPE: [libjvm.dylib+0x442cfa], sa_mask[0]=0xfffefeff, sa_flags=0x00000042
SIGXFSZ: [libjvm.dylib+0x442cfa], sa_mask[0]=0xfffefeff, sa_flags=0x00000042
SIGILL: [libjvm.dylib+0x442cfa], sa_mask[0]=0xfffefeff, sa_flags=0x00000042
SIGUSR1: SIG_DFL, sa_mask[0]=0x00000000, sa_flags=0x00000000
SIGUSR2: [libjvm.dylib+0x442818], sa_mask[0]=0x00000004, sa_flags=0x00000042
SIGHUP: [libjvm.dylib+0x440ba5], sa_mask[0]=0xfffefeff, sa_flags=0x00000042
SIGINT: [libjvm.dylib+0x440ba5], sa_mask[0]=0xfffefeff, sa_flags=0x00000042
SIGTERM: [libjvm.dylib+0x440ba5], sa_mask[0]=0xfffefeff, sa_flags=0x00000042
SIGQUIT: [libjvm.dylib+0x440ba5], sa_mask[0]=0xfffefeff, sa_flags=0x00000042


---------------  S Y S T E M  ---------------

OS:Bsduname:Darwin 14.0.0 Darwin Kernel Version 14.0.0: Fri Sep 19 00:26:44 PDT 2014; root:xnu-2782.1.97~2/RELEASE_X86_64 x86_64
rlimit: STACK 8192k, CORE 0k, NPROC 709, NOFILE 10240, AS infinity
load average:3.33 3.66 3.72

CPU:total 4 (2 cores per cpu, 2 threads per core) family 6 model 42 stepping 7, cmov, cx8, fxsr, mmx, sse, sse2, sse3, ssse3, sse4.1, sse4.2, popcnt, avx, aes, clmul, ht, tsc, tscinvbit

Memory: 4k page, physical 4194304k(34868k free)

/proc/meminfo:


vm_info: Java HotSpot(TM) 64-Bit Server VM (25.5-b02) for bsd-amd64 JRE (1.8.0_05-b13), built on Mar 18 2014 00:36:13 by "java_re" with gcc 4.2.1 (Based on Apple Inc. build 5658) (LLVM build 2336.11.00)

time: Mon Dec 15 21:13:01 2014
elapsed time: 35 seconds

