#
# A fatal error has been detected by the Java Runtime Environment:
#
#  SIGSEGV (0xb) at pc=0x000000010977f71e, pid=8485, tid=4867
#
# JRE version: Java(TM) SE Runtime Environment (8.0_05-b13) (build 1.8.0_05-b13)
# Java VM: Java HotSpot(TM) 64-Bit Server VM (25.5-b02 mixed mode bsd-amd64 compressed oops)
# Problematic frame:
# J 380% C2 MainPackage.MovesClass.SearchInColumns([[IILjava/util/List;)Ljava/util/List; (2715 bytes) @ 0x000000010977f71e [0x000000010977d8a0+0x1e7e]
#
# Failed to write core dump. Core dumps have been disabled. To enable core dumping, try "ulimit -c unlimited" before starting Java again
#
# If you would like to submit a bug report, please visit:
#   http://bugreport.sun.com/bugreport/crash.jsp
#

---------------  T H R E A D  ---------------

Current thread (0x00007faf74801000):  JavaThread "main" [_thread_in_Java, id=4867, stack(0x00000001092c1000,0x00000001093c1000)]

siginfo:si_signo=SIGSEGV: si_errno=0, si_code=1 (SEGV_MAPERR), si_addr=0x0000000baba8cd24

Registers:
RAX=0x0000000000000002, RBX=0x00000000ffffffff, RCX=0x000000000000000b, RDX=0x0000000000000006
RSP=0x00000001093c06f0, RBP=0x00000000f57519a8, RSI=0x00000007aba8d688, RDI=0x0000000000000003
R8 =0x0000000000000003, R9 =0x0000000000000009, R10=0x00000007aba8cd18, R11=0x00000000f57519a8
R12=0x0000000000000000, R13=0x00000007aba8d5f0, R14=0x0000000000000006, R15=0x00007faf74801000
RIP=0x000000010977f71e, EFLAGS=0x0000000000010286, ERR=0x0000000000000004
  TRAPNO=0x000000000000000e

Top of Stack: (sp=0x00000001093c06f0)
0x00000001093c06f0:   0000000600000006 0000000100000003
0x00000001093c0700:   0000000300000005 0000000100000005
0x00000001093c0710:   00000007aba8d5d8 f5751acc00000002
0x00000001093c0720:   00000007aba8cd18 00000007aba8d5f0
0x00000001093c0730:   00000007aba8d6b8 00000007c0061c80
0x00000001093c0740:   00000007c00e1488 00000007aba8d068
0x00000001093c0750:   0000000200000001 0000000000000005
0x00000001093c0760:   fffffffff57519a8 deaddeaf00000001
0x00000001093c0770:   0000000000000000 deaddeaf00000002
0x00000001093c0780:   00000001093c08e8 00000001095e043c
0x00000001093c0790:   0000000000000064 000000010972f9dc
0x00000001093c07a0:   000000078018caa0 0000000000000000
0x00000001093c07b0:   0000006400000064 0000000000000000
0x00000001093c07c0:   0000000000000029 0000000000000000
0x00000001093c07d0:   0000000780126710 0000000780085a98
0x00000001093c07e0:   00000007aba8cf20 f001ebfa00000000
0x00000001093c07f0:   0000000000000001 00000007aba8ce88
0x00000001093c0800:   0000000000000064 00000001097395b8
0x00000001093c0810:   0000000780121258 0000000300000006
0x00000001093c0820:   f003195400000002 0000000780090b10
0x00000001093c0830:   00000007aba8cf58 00000007aba8cd18
0x00000001093c0840:   0000000500000002 00000007aba8cf40
0x00000001093c0850:   00000007aba8d160 0000000600000005
0x00000001093c0860:   00000007aba8cd18 00000007c00d3690
0x00000001093c0870:   00000001093c08e8 00000001093ca210
0x00000001093c0880:   00000001093ca210 0000000000000002
0x00000001093c0890:   00000007aba8cd18 0000000780090b10
0x00000001093c08a0:   0000000780090b48 00000001093c08a8
0x00000001093c08b0:   000000011b4e65a9 00000001093c0948
0x00000001093c08c0:   000000011b4e6788 0000000000000000
0x00000001093c08d0:   000000011b4e66d8 00000001093c0888
0x00000001093c08e0:   00000001093c0948 00000001093c09b0 

Instructions: (pc=0x000000010977f71e)
0x000000010977f6fe:   6c 45 8b 5c 9a 10 44 89 5c 24 70 45 8b d0 41 83
0x000000010977f70e:   c2 fc 44 89 54 24 74 4c 8b 54 24 30 8b 5c 24 74
0x000000010977f71e:   45 8b 54 9a 10 44 89 54 24 78 41 83 f8 02 0f 84
0x000000010977f72e:   1d 03 00 00 41 83 f8 03 0f 84 13 03 00 00 44 8b 

Register to memory mapping:

RAX=0x0000000000000002 is an unknown value
RBX=0x00000000ffffffff is an unknown value
RCX=0x000000000000000b is an unknown value
RDX=0x0000000000000006 is an unknown value
RSP=0x00000001093c06f0 is pointing into the stack for thread: 0x00007faf74801000
RBP=0x00000000f57519a8 is an unknown value
RSI=0x00000007aba8d688 is an unknown value
RDI=0x0000000000000003 is an unknown value
R8 =0x0000000000000003 is an unknown value
R9 =0x0000000000000009 is an unknown value
R10=0x00000007aba8cd18 is an oop
[[I 
 - klass: {type array int}[]
 - length: 6
R11=0x00000000f57519a8 is an unknown value
R12=0x0000000000000000 is an unknown value
R13=0x00000007aba8d5f0 is an oop
java.util.ArrayList 
 - klass: 'java/util/ArrayList'
R14=0x0000000000000006 is an unknown value
R15=0x00007faf74801000 is a thread


Stack: [0x00000001092c1000,0x00000001093c1000],  sp=0x00000001093c06f0,  free space=1021k
Native frames: (J=compiled Java code, j=interpreted, Vv=VM code, C=native code)
J 380% C2 MainPackage.MovesClass.SearchInColumns([[IILjava/util/List;)Ljava/util/List; (2715 bytes) @ 0x000000010977f71e [0x000000010977d8a0+0x1e7e]
J 336 C1 MainPackage.MovesClass.ValidMovements([[II)Ljava/util/List; (156 bytes) @ 0x00000001095e043c [0x00000001095dffa0+0x49c]
j  MainPackage.MainClass.main([Ljava/lang/String;)V+145
v  ~StubRoutines::call_stub
V  [libjvm.dylib+0x2c5186]  JavaCalls::call_helper(JavaValue*, methodHandle*, JavaCallArguments*, Thread*)+0x6ae
V  [libjvm.dylib+0x2f9c4a]  jni_invoke_static(JNIEnv_*, JavaValue*, _jobject*, JNICallType, _jmethodID*, JNI_ArgumentPusher*, Thread*)+0x1bf
V  [libjvm.dylib+0x2f2e93]  jni_CallStaticVoidMethod+0x15d
C  [java+0x2c89]  JavaMain+0x998
C  [libsystem_pthread.dylib+0x32fc]  _pthread_body+0x83
C  [libsystem_pthread.dylib+0x3279]  _pthread_body+0x0
C  [libsystem_pthread.dylib+0x14b1]  thread_start+0xd


---------------  P R O C E S S  ---------------

Java Threads: ( => current thread )
  0x00007faf73a6e000 JavaThread "AWT-EventQueue-0" [_thread_in_native, id=58643, stack(0x0000000124294000,0x0000000124394000)]
  0x00007faf73850800 JavaThread "Image Fetcher 0" daemon [_thread_blocked, id=52995, stack(0x000000012322a000,0x000000012332a000)]
  0x00007faf7386c000 JavaThread "Java2D Disposer" daemon [_thread_blocked, id=52491, stack(0x00000001230c1000,0x00000001231c1000)]
  0x00007faf7387a000 JavaThread "Java2D Queue Flusher" daemon [_thread_blocked, id=48903, stack(0x0000000122c16000,0x0000000122d16000)]
  0x00007faf730ea000 JavaThread "AWT-Shutdown" [_thread_blocked, id=28435, stack(0x00000001202d7000,0x00000001203d7000)]
  0x00007faf73853800 JavaThread "AppKit Thread" daemon [_thread_in_native, id=1811, stack(0x00007fff57a02000,0x00007fff58202000)]
  0x00007faf7382a000 JavaThread "Service Thread" daemon [_thread_blocked, id=18179, stack(0x000000011ea86000,0x000000011eb86000)]
  0x00007faf7302e000 JavaThread "C1 CompilerThread2" daemon [_thread_blocked, id=17667, stack(0x000000011e983000,0x000000011ea83000)]
  0x00007faf73019000 JavaThread "C2 CompilerThread1" daemon [_thread_in_native, id=17155, stack(0x000000011e880000,0x000000011e980000)]
  0x00007faf7380f000 JavaThread "C2 CompilerThread0" daemon [_thread_in_native, id=16643, stack(0x000000011e77d000,0x000000011e87d000)]
  0x00007faf7300b000 JavaThread "Signal Dispatcher" daemon [_thread_blocked, id=13335, stack(0x000000011e67a000,0x000000011e77a000)]
  0x00007faf7401a800 JavaThread "Finalizer" daemon [_thread_blocked, id=11523, stack(0x000000011cd35000,0x000000011ce35000)]
  0x00007faf73804000 JavaThread "Reference Handler" daemon [_thread_blocked, id=11011, stack(0x000000011cc32000,0x000000011cd32000)]
=>0x00007faf74801000 JavaThread "main" [_thread_in_Java, id=4867, stack(0x00000001092c1000,0x00000001093c1000)]

Other Threads:
  0x00007faf74018000 VMThread [stack: 0x000000011cb2f000,0x000000011cc2f000] [id=10499]
  0x00007faf7382b000 WatcherThread [stack: 0x000000011eb89000,0x000000011ec89000] [id=18691]

VM state:not at safepoint (normal execution)

VM Mutex/Monitor currently owned by a thread: None

Heap:
 PSYoungGen      total 23040K, used 16216K [0x00000007aab00000, 0x00000007ac300000, 0x00000007c0000000)
  eden space 21504K, 74% used [0x00000007aab00000,0x00000007ababe2e0,0x00000007ac000000)
  from space 1536K, 6% used [0x00000007ac180000,0x00000007ac198000,0x00000007ac300000)
  to   space 1536K, 0% used [0x00000007ac000000,0x00000007ac000000,0x00000007ac180000)
 ParOldGen       total 64000K, used 1635K [0x0000000780000000, 0x0000000783e80000, 0x00000007aab00000)
  object space 64000K, 2% used [0x0000000780000000,0x0000000780198ec8,0x0000000783e80000)
 Metaspace       used 8693K, capacity 8810K, committed 9088K, reserved 1056768K
  class space    used 1052K, capacity 1109K, committed 1152K, reserved 1048576K

Card table byte_map: [0x0000000118783000,0x0000000118984000] byte_map_base: 0x0000000114b83000

Marking Bits: (ParMarkBitMap*) 0x0000000108c660a0
 Begin Bits: [0x0000000118ee6000, 0x0000000119ee6000)
 End Bits:   [0x0000000119ee6000, 0x000000011aee6000)

Polling page: 0x0000000107b55000

CodeCache: size=245760Kb used=3819Kb max_used=3850Kb free=241940Kb
 bounds [0x00000001093c3000, 0x0000000109793000, 0x00000001183c3000]
 total_blobs=870 nmethods=407 adapters=379
 compilation: enabled

Compilation events (10 events):
Event: 2.351 Thread 0x00007faf7380f000 nmethod 380% 0x000000010977cd90 code [0x000000010977d8a0, 0x0000000109783bc8]
Event: 2.352 Thread 0x00007faf7380f000  384       4       java.util.Random::next (47 bytes)
Event: 2.354 Thread 0x00007faf7380f000 nmethod 384 0x00000001097627d0 code [0x0000000109762900, 0x00000001097629d8]
Event: 2.354 Thread 0x00007faf7380f000  381       4       MainPackage.IntelligentMovesClass::GetMovement (43 bytes)
Event: 2.363 Thread 0x00007faf7380f000 nmethod 381 0x00000001097601d0 code [0x0000000109760360, 0x00000001097607c8]
Event: 2.363 Thread 0x00007faf7380f000  386       4       java.util.Random::<init> (53 bytes)
Event: 2.365 Thread 0x00007faf7380f000 nmethod 386 0x0000000109760fd0 code [0x0000000109761120, 0x0000000109761238]
Event: 2.365 Thread 0x00007faf7380f000  388       4       java.util.Random::nextInt (74 bytes)
Event: 2.368 Thread 0x00007faf7380f000 nmethod 388 0x000000010975fd50 code [0x000000010975fea0, 0x0000000109760068]
Event: 2.368 Thread 0x00007faf7380f000  412       4       MainPackage.MovesClass::SearchInColumns (2715 bytes)

GC Heap History (10 events):
Event: 1.176 GC heap before
{Heap before GC invocations=8 (full 0):
 PSYoungGen      total 5632K, used 4518K [0x00000007aab00000, 0x00000007ab600000, 0x00000007c0000000)
  eden space 4096K, 100% used [0x00000007aab00000,0x00000007aaf00000,0x00000007aaf00000)
  from space 1536K, 27% used [0x00000007aaf00000,0x00000007aaf69860,0x00000007ab080000)
  to   space 1536K, 0% used [0x00000007ab480000,0x00000007ab480000,0x00000007ab600000)
 ParOldGen       total 64000K, used 1217K [0x0000000780000000, 0x0000000783e80000, 0x00000007aab00000)
  object space 64000K, 1% used [0x0000000780000000,0x0000000780130658,0x0000000783e80000)
 Metaspace       used 8409K, capacity 8586K, committed 8832K, reserved 1056768K
  class space    used 1012K, capacity 1077K, committed 1152K, reserved 1048576K
Event: 1.179 GC heap after
Heap after GC invocations=8 (full 0):
 PSYoungGen      total 9728K, used 128K [0x00000007aab00000, 0x00000007ab600000, 0x00000007c0000000)
  eden space 8192K, 0% used [0x00000007aab00000,0x00000007aab00000,0x00000007ab300000)
  from space 1536K, 8% used [0x00000007ab480000,0x00000007ab4a0000,0x00000007ab600000)
  to   space 1536K, 0% used [0x00000007ab300000,0x00000007ab300000,0x00000007ab480000)
 ParOldGen       total 64000K, used 1555K [0x0000000780000000, 0x0000000783e80000, 0x00000007aab00000)
  object space 64000K, 2% used [0x0000000780000000,0x0000000780184ec8,0x0000000783e80000)
 Metaspace       used 8409K, capacity 8586K, committed 8832K, reserved 1056768K
  class space    used 1012K, capacity 1077K, committed 1152K, reserved 1048576K
}
Event: 1.346 GC heap before
{Heap before GC invocations=9 (full 0):
 PSYoungGen      total 9728K, used 8320K [0x00000007aab00000, 0x00000007ab600000, 0x00000007c0000000)
  eden space 8192K, 100% used [0x00000007aab00000,0x00000007ab300000,0x00000007ab300000)
  from space 1536K, 8% used [0x00000007ab480000,0x00000007ab4a0000,0x00000007ab600000)
  to   space 1536K, 0% used [0x00000007ab300000,0x00000007ab300000,0x00000007ab480000)
 ParOldGen       total 64000K, used 1555K [0x0000000780000000, 0x0000000783e80000, 0x00000007aab00000)
  object space 64000K, 2% used [0x0000000780000000,0x0000000780184ec8,0x0000000783e80000)
 Metaspace       used 8409K, capacity 8586K, committed 8832K, reserved 1056768K
  class space    used 1012K, capacity 1077K, committed 1152K, reserved 1048576K
Event: 1.348 GC heap after
Heap after GC invocations=9 (full 0):
 PSYoungGen      total 9728K, used 128K [0x00000007aab00000, 0x00000007abb00000, 0x00000007c0000000)
  eden space 8192K, 0% used [0x00000007aab00000,0x00000007aab00000,0x00000007ab300000)
  from space 1536K, 8% used [0x00000007ab300000,0x00000007ab320000,0x00000007ab480000)
  to   space 1536K, 0% used [0x00000007ab980000,0x00000007ab980000,0x00000007abb00000)
 ParOldGen       total 64000K, used 1611K [0x0000000780000000, 0x0000000783e80000, 0x00000007aab00000)
  object space 64000K, 2% used [0x0000000780000000,0x0000000780192ec8,0x0000000783e80000)
 Metaspace       used 8409K, capacity 8586K, committed 8832K, reserved 1056768K
  class space    used 1012K, capacity 1077K, committed 1152K, reserved 1048576K
}
Event: 1.507 GC heap before
{Heap before GC invocations=10 (full 0):
 PSYoungGen      total 9728K, used 8320K [0x00000007aab00000, 0x00000007abb00000, 0x00000007c0000000)
  eden space 8192K, 100% used [0x00000007aab00000,0x00000007ab300000,0x00000007ab300000)
  from space 1536K, 8% used [0x00000007ab300000,0x00000007ab320000,0x00000007ab480000)
  to   space 1536K, 0% used [0x00000007ab980000,0x00000007ab980000,0x00000007abb00000)
 ParOldGen       total 64000K, used 1611K [0x0000000780000000, 0x0000000783e80000, 0x00000007aab00000)
  object space 64000K, 2% used [0x0000000780000000,0x0000000780192ec8,0x0000000783e80000)
 Metaspace       used 8409K, capacity 8586K, committed 8832K, reserved 1056768K
  class space    used 1012K, capacity 1077K, committed 1152K, reserved 1048576K
Event: 1.508 GC heap after
Heap after GC invocations=10 (full 0):
 PSYoungGen      total 14848K, used 96K [0x00000007aab00000, 0x00000007abb00000, 0x00000007c0000000)
  eden space 13312K, 0% used [0x00000007aab00000,0x00000007aab00000,0x00000007ab800000)
  from space 1536K, 6% used [0x00000007ab980000,0x00000007ab998000,0x00000007abb00000)
  to   space 1536K, 0% used [0x00000007ab800000,0x00000007ab800000,0x00000007ab980000)
 ParOldGen       total 64000K, used 1619K [0x0000000780000000, 0x0000000783e80000, 0x00000007aab00000)
  object space 64000K, 2% used [0x0000000780000000,0x0000000780194ec8,0x0000000783e80000)
 Metaspace       used 8409K, capacity 8586K, committed 8832K, reserved 1056768K
  class space    used 1012K, capacity 1077K, committed 1152K, reserved 1048576K
}
Event: 1.788 GC heap before
{Heap before GC invocations=11 (full 0):
 PSYoungGen      total 14848K, used 13408K [0x00000007aab00000, 0x00000007abb00000, 0x00000007c0000000)
  eden space 13312K, 100% used [0x00000007aab00000,0x00000007ab800000,0x00000007ab800000)
  from space 1536K, 6% used [0x00000007ab980000,0x00000007ab998000,0x00000007abb00000)
  to   space 1536K, 0% used [0x00000007ab800000,0x00000007ab800000,0x00000007ab980000)
 ParOldGen       total 64000K, used 1619K [0x0000000780000000, 0x0000000783e80000, 0x00000007aab00000)
  object space 64000K, 2% used [0x0000000780000000,0x0000000780194ec8,0x0000000783e80000)
 Metaspace       used 8409K, capacity 8586K, committed 8832K, reserved 1056768K
  class space    used 1012K, capacity 1077K, committed 1152K, reserved 1048576K
Event: 1.789 GC heap after
Heap after GC invocations=11 (full 0):
 PSYoungGen      total 14848K, used 64K [0x00000007aab00000, 0x00000007ac300000, 0x00000007c0000000)
  eden space 13312K, 0% used [0x00000007aab00000,0x00000007aab00000,0x00000007ab800000)
  from space 1536K, 4% used [0x00000007ab800000,0x00000007ab810000,0x00000007ab980000)
  to   space 1536K, 0% used [0x00000007ac180000,0x00000007ac180000,0x00000007ac300000)
 ParOldGen       total 64000K, used 1627K [0x0000000780000000, 0x0000000783e80000, 0x00000007aab00000)
  object space 64000K, 2% used [0x0000000780000000,0x0000000780196ec8,0x0000000783e80000)
 Metaspace       used 8409K, capacity 8586K, committed 8832K, reserved 1056768K
  class space    used 1012K, capacity 1077K, committed 1152K, reserved 1048576K
}
Event: 2.070 GC heap before
{Heap before GC invocations=12 (full 0):
 PSYoungGen      total 14848K, used 13376K [0x00000007aab00000, 0x00000007ac300000, 0x00000007c0000000)
  eden space 13312K, 100% used [0x00000007aab00000,0x00000007ab800000,0x00000007ab800000)
  from space 1536K, 4% used [0x00000007ab800000,0x00000007ab810000,0x00000007ab980000)
  to   space 1536K, 0% used [0x00000007ac180000,0x00000007ac180000,0x00000007ac300000)
 ParOldGen       total 64000K, used 1627K [0x0000000780000000, 0x0000000783e80000, 0x00000007aab00000)
  object space 64000K, 2% used [0x0000000780000000,0x0000000780196ec8,0x0000000783e80000)
 Metaspace       used 8409K, capacity 8586K, committed 8832K, reserved 1056768K
  class space    used 1012K, capacity 1077K, committed 1152K, reserved 1048576K
Event: 2.070 GC heap after
Heap after GC invocations=12 (full 0):
 PSYoungGen      total 23040K, used 96K [0x00000007aab00000, 0x00000007ac300000, 0x00000007c0000000)
  eden space 21504K, 0% used [0x00000007aab00000,0x00000007aab00000,0x00000007ac000000)
  from space 1536K, 6% used [0x00000007ac180000,0x00000007ac198000,0x00000007ac300000)
  to   space 1536K, 0% used [0x00000007ac000000,0x00000007ac000000,0x00000007ac180000)
 ParOldGen       total 64000K, used 1635K [0x0000000780000000, 0x0000000783e80000, 0x00000007aab00000)
  object space 64000K, 2% used [0x0000000780000000,0x0000000780198ec8,0x0000000783e80000)
 Metaspace       used 8409K, capacity 8586K, committed 8832K, reserved 1056768K
  class space    used 1012K, capacity 1077K, committed 1152K, reserved 1048576K
}

Deoptimization events (1 events):
Event: 2.211 Thread 0x00007faf73a6e000 Uncommon trap: reason=unreached action=reinterpret pc=0x00000001095e0fc4 method=java.util.HashMap.getNode(ILjava/lang/Object;)Ljava/util/HashMap$Node; @ 116

Internal exceptions (10 events):
Event: 0.359 Thread 0x00007faf74801000 Exception <a 'java/lang/NoSuchFieldError': method resolution failed> (0x00000007aab79ed8) thrown at [/HUDSON/workspace/8-2-build-macosx-x86_64/jdk8u5/2488/hotspot/src/share/vm/prims/methodHandles.cpp, line 1159]
Event: 0.360 Thread 0x00007faf74801000 Exception <a 'java/lang/NoSuchFieldError': method resolution failed> (0x00000007aab7d368) thrown at [/HUDSON/workspace/8-2-build-macosx-x86_64/jdk8u5/2488/hotspot/src/share/vm/prims/methodHandles.cpp, line 1159]
Event: 0.459 Thread 0x00007faf74801000 Exception <a 'java/security/PrivilegedActionException'> (0x00000007aab1f240) thrown at [/HUDSON/workspace/8-2-build-macosx-x86_64/jdk8u5/2488/hotspot/src/share/vm/prims/jvm.cpp, line 1248]
Event: 0.459 Thread 0x00007faf74801000 Exception <a 'java/security/PrivilegedActionException'> (0x00000007aab206e8) thrown at [/HUDSON/workspace/8-2-build-macosx-x86_64/jdk8u5/2488/hotspot/src/share/vm/prims/jvm.cpp, line 1248]
Event: 0.460 Thread 0x00007faf74801000 Exception <a 'java/security/PrivilegedActionException'> (0x00000007aab22528) thrown at [/HUDSON/workspace/8-2-build-macosx-x86_64/jdk8u5/2488/hotspot/src/share/vm/prims/jvm.cpp, line 1248]
Event: 0.460 Thread 0x00007faf74801000 Exception <a 'java/security/PrivilegedActionException'> (0x00000007aab23868) thrown at [/HUDSON/workspace/8-2-build-macosx-x86_64/jdk8u5/2488/hotspot/src/share/vm/prims/jvm.cpp, line 1248]
Event: 0.462 Thread 0x00007faf74801000 Exception <a 'java/security/PrivilegedActionException'> (0x00000007aab2d2b8) thrown at [/HUDSON/workspace/8-2-build-macosx-x86_64/jdk8u5/2488/hotspot/src/share/vm/prims/jvm.cpp, line 1248]
Event: 0.462 Thread 0x00007faf74801000 Exception <a 'java/security/PrivilegedActionException'> (0x00000007aab2e5d0) thrown at [/HUDSON/workspace/8-2-build-macosx-x86_64/jdk8u5/2488/hotspot/src/share/vm/prims/jvm.cpp, line 1248]
Event: 0.515 Thread 0x00007faf74801000 Exception <a 'java/security/PrivilegedActionException'> (0x00000007aab62a90) thrown at [/HUDSON/workspace/8-2-build-macosx-x86_64/jdk8u5/2488/hotspot/src/share/vm/prims/jvm.cpp, line 1248]
Event: 0.710 Thread 0x00007faf74801000 Exception <a 'java/security/PrivilegedActionException'> (0x00000007aab26a08) thrown at [/HUDSON/workspace/8-2-build-macosx-x86_64/jdk8u5/2488/hotspot/src/share/vm/prims/jvm.cpp, line 1248]

Events (10 events):
Event: 2.459 Thread 0x00007faf74801000 DEOPT PACKING pc=0x00000001096bd632 sp=0x00000001093c0010
Event: 2.459 Thread 0x00007faf74801000 DEOPT UNPACKING pc=0x000000010940a01a sp=0x00000001093c0440 mode 0
Event: 2.460 Thread 0x00007faf74801000 DEOPT PACKING pc=0x000000010970fbda sp=0x00000001093c0020
Event: 2.460 Thread 0x00007faf74801000 DEOPT UNPACKING pc=0x000000010940a01a sp=0x00000001093c0440 mode 0
Event: 2.461 Thread 0x00007faf74801000 DEOPT PACKING pc=0x00000001096bb951 sp=0x00000001093c0010
Event: 2.461 Thread 0x00007faf74801000 DEOPT UNPACKING pc=0x000000010940a01a sp=0x00000001093c0440 mode 0
Event: 2.462 Thread 0x00007faf74801000 DEOPT PACKING pc=0x00000001096bd632 sp=0x00000001093c0010
Event: 2.462 Thread 0x00007faf74801000 DEOPT UNPACKING pc=0x000000010940a01a sp=0x00000001093c0440 mode 0
Event: 2.463 Thread 0x00007faf74801000 DEOPT PACKING pc=0x000000010970fbda sp=0x00000001093c0020
Event: 2.463 Thread 0x00007faf74801000 DEOPT UNPACKING pc=0x000000010940a01a sp=0x00000001093c0440 mode 0


Dynamic libraries:
0x0000000003879000 	/System/Library/Frameworks/Cocoa.framework/Versions/A/Cocoa
0x0000000003879000 	/System/Library/Frameworks/Security.framework/Versions/A/Security
0x0000000003879000 	/System/Library/Frameworks/ApplicationServices.framework/Versions/A/ApplicationServices
0x0000000003879000 	/usr/lib/libz.1.dylib
0x0000000003879000 	/usr/lib/libSystem.B.dylib
0x0000000003879000 	/usr/lib/libobjc.A.dylib
0x0000000003879000 	/System/Library/Frameworks/CoreFoundation.framework/Versions/A/CoreFoundation
0x0000000003879000 	/System/Library/Frameworks/Foundation.framework/Versions/C/Foundation
0x0000000003879000 	/System/Library/Frameworks/AppKit.framework/Versions/C/AppKit
0x0000000003879000 	/System/Library/Frameworks/CoreData.framework/Versions/A/CoreData
0x0000000003879000 	/System/Library/PrivateFrameworks/RemoteViewServices.framework/Versions/A/RemoteViewServices
0x0000000003879000 	/System/Library/PrivateFrameworks/UIFoundation.framework/Versions/A/UIFoundation
0x0000000003879000 	/System/Library/Frameworks/IOSurface.framework/Versions/A/IOSurface
0x0000000003879000 	/System/Library/Frameworks/AudioToolbox.framework/Versions/A/AudioToolbox
0x0000000003879000 	/System/Library/Frameworks/AudioUnit.framework/Versions/A/AudioUnit
0x0000000003879000 	/System/Library/PrivateFrameworks/DataDetectorsCore.framework/Versions/A/DataDetectorsCore
0x0000000003879000 	/System/Library/PrivateFrameworks/DesktopServicesPriv.framework/Versions/A/DesktopServicesPriv
0x0000000003879000 	/System/Library/Frameworks/Carbon.framework/Versions/A/Frameworks/HIToolbox.framework/Versions/A/HIToolbox
0x0000000003879000 	/System/Library/Frameworks/QuartzCore.framework/Versions/A/QuartzCore
0x0000000003879000 	/System/Library/Frameworks/Carbon.framework/Versions/A/Frameworks/SpeechRecognition.framework/Versions/A/SpeechRecognition
0x0000000003879000 	/usr/lib/libauto.dylib
0x0000000003879000 	/usr/lib/libicucore.A.dylib
0x0000000003879000 	/usr/lib/libxml2.2.dylib
0x0000000003879000 	/System/Library/PrivateFrameworks/CoreUI.framework/Versions/A/CoreUI
0x0000000003879000 	/System/Library/Frameworks/CoreAudio.framework/Versions/A/CoreAudio
0x0000000003879000 	/System/Library/Frameworks/DiskArbitration.framework/Versions/A/DiskArbitration
0x0000000003879000 	/usr/lib/liblangid.dylib
0x0000000003879000 	/System/Library/PrivateFrameworks/MultitouchSupport.framework/Versions/A/MultitouchSupport
0x0000000003879000 	/System/Library/Frameworks/IOKit.framework/Versions/A/IOKit
0x0000000003879000 	/usr/lib/libDiagnosticMessagesClient.dylib
0x0000000003879000 	/System/Library/Frameworks/CoreServices.framework/Versions/A/CoreServices
0x0000000003879000 	/System/Library/PrivateFrameworks/PerformanceAnalysis.framework/Versions/A/PerformanceAnalysis
0x0000000003879000 	/System/Library/PrivateFrameworks/GenerationalStorage.framework/Versions/A/GenerationalStorage
0x0000000003879000 	/System/Library/Frameworks/OpenGL.framework/Versions/A/OpenGL
0x0000000003879000 	/System/Library/PrivateFrameworks/Sharing.framework/Versions/A/Sharing
0x0000000003879000 	/System/Library/Frameworks/CoreGraphics.framework/Versions/A/CoreGraphics
0x0000000003879000 	/System/Library/Frameworks/CoreText.framework/Versions/A/CoreText
0x0000000003879000 	/System/Library/Frameworks/ImageIO.framework/Versions/A/ImageIO
0x0000000003879000 	/usr/lib/libextension.dylib
0x0000000003879000 	/System/Library/PrivateFrameworks/Backup.framework/Versions/A/Backup
0x0000000003879000 	/usr/lib/libarchive.2.dylib
0x0000000003879000 	/System/Library/Frameworks/CFNetwork.framework/Versions/A/CFNetwork
0x0000000003879000 	/System/Library/Frameworks/SystemConfiguration.framework/Versions/A/SystemConfiguration
0x0000000003879000 	/usr/lib/libCRFSuite.dylib
0x0000000003879000 	/usr/lib/libc++.1.dylib
0x0000000003879000 	/usr/lib/libc++abi.dylib
0x0000000003879000 	/usr/lib/system/libcache.dylib
0x0000000003879000 	/usr/lib/system/libcommonCrypto.dylib
0x0000000003879000 	/usr/lib/system/libcompiler_rt.dylib
0x0000000003879000 	/usr/lib/system/libcopyfile.dylib
0x0000000003879000 	/usr/lib/system/libcorecrypto.dylib
0x0000000003879000 	/usr/lib/system/libdispatch.dylib
0x0000000003879000 	/usr/lib/system/libdyld.dylib
0x0000000003879000 	/usr/lib/system/libkeymgr.dylib
0x0000000003879000 	/usr/lib/system/liblaunch.dylib
0x0000000003879000 	/usr/lib/system/libmacho.dylib
0x0000000003879000 	/usr/lib/system/libquarantine.dylib
0x0000000003879000 	/usr/lib/system/libremovefile.dylib
0x0000000003879000 	/usr/lib/system/libsystem_asl.dylib
0x0000000003879000 	/usr/lib/system/libsystem_blocks.dylib
0x0000000003879000 	/usr/lib/system/libsystem_c.dylib
0x0000000003879000 	/usr/lib/system/libsystem_configuration.dylib
0x0000000003879000 	/usr/lib/system/libsystem_coreservices.dylib
0x0000000003879000 	/usr/lib/system/libsystem_coretls.dylib
0x0000000003879000 	/usr/lib/system/libsystem_dnssd.dylib
0x0000000003879000 	/usr/lib/system/libsystem_info.dylib
0x0000000003879000 	/usr/lib/system/libsystem_kernel.dylib
0x0000000003879000 	/usr/lib/system/libsystem_m.dylib
0x0000000003879000 	/usr/lib/system/libsystem_malloc.dylib
0x0000000003879000 	/usr/lib/system/libsystem_network.dylib
0x0000000003879000 	/usr/lib/system/libsystem_networkextension.dylib
0x0000000003879000 	/usr/lib/system/libsystem_notify.dylib
0x0000000003879000 	/usr/lib/system/libsystem_platform.dylib
0x0000000003879000 	/usr/lib/system/libsystem_pthread.dylib
0x0000000003879000 	/usr/lib/system/libsystem_sandbox.dylib
0x0000000003879000 	/usr/lib/system/libsystem_secinit.dylib
0x0000000003879000 	/usr/lib/system/libsystem_stats.dylib
0x0000000003879000 	/usr/lib/system/libsystem_trace.dylib
0x0000000003879000 	/usr/lib/system/libunc.dylib
0x0000000003879000 	/usr/lib/system/libunwind.dylib
0x0000000003879000 	/usr/lib/system/libxpc.dylib
0x0000000003879000 	/usr/lib/libbz2.1.0.dylib
0x0000000003879000 	/usr/lib/liblzma.5.dylib
0x0000000003879000 	/usr/lib/libbsm.0.dylib
0x0000000003879000 	/usr/lib/libsqlite3.dylib
0x0000000003879000 	/usr/lib/system/libkxld.dylib
0x0000000003879000 	/usr/lib/libxar.1.dylib
0x0000000003879000 	/usr/lib/libpam.2.dylib
0x0000000003879000 	/usr/lib/libOpenScriptingUtil.dylib
0x0000000003879000 	/System/Library/Frameworks/CoreServices.framework/Versions/A/Frameworks/FSEvents.framework/Versions/A/FSEvents
0x0000000003879000 	/System/Library/Frameworks/CoreServices.framework/Versions/A/Frameworks/CarbonCore.framework/Versions/A/CarbonCore
0x0000000003879000 	/System/Library/Frameworks/CoreServices.framework/Versions/A/Frameworks/Metadata.framework/Versions/A/Metadata
0x0000000003879000 	/System/Library/Frameworks/CoreServices.framework/Versions/A/Frameworks/OSServices.framework/Versions/A/OSServices
0x0000000003879000 	/System/Library/Frameworks/CoreServices.framework/Versions/A/Frameworks/SearchKit.framework/Versions/A/SearchKit
0x0000000003879000 	/System/Library/Frameworks/CoreServices.framework/Versions/A/Frameworks/AE.framework/Versions/A/AE
0x0000000003879000 	/System/Library/Frameworks/CoreServices.framework/Versions/A/Frameworks/LaunchServices.framework/Versions/A/LaunchServices
0x0000000003879000 	/System/Library/Frameworks/CoreServices.framework/Versions/A/Frameworks/DictionaryServices.framework/Versions/A/DictionaryServices
0x0000000003879000 	/System/Library/Frameworks/NetFS.framework/Versions/A/NetFS
0x0000000003879000 	/System/Library/PrivateFrameworks/NetAuth.framework/Versions/A/NetAuth
0x0000000003879000 	/System/Library/PrivateFrameworks/login.framework/Versions/A/Frameworks/loginsupport.framework/Versions/A/loginsupport
0x0000000003879000 	/System/Library/PrivateFrameworks/TCC.framework/Versions/A/TCC
0x0000000003879000 	/usr/lib/libmecabra.dylib
0x0000000003879000 	/System/Library/PrivateFrameworks/LanguageModeling.framework/Versions/A/LanguageModeling
0x0000000003879000 	/usr/lib/libcmph.dylib
0x0000000003879000 	/usr/lib/libiconv.2.dylib
0x0000000003879000 	/System/Library/Frameworks/OpenDirectory.framework/Versions/A/Frameworks/CFOpenDirectory.framework/Versions/A/CFOpenDirectory
0x0000000003879000 	/System/Library/Frameworks/ServiceManagement.framework/Versions/A/ServiceManagement
0x0000000003879000 	/usr/lib/libxslt.1.dylib
0x0000000003879000 	/System/Library/Frameworks/Carbon.framework/Versions/A/Frameworks/Ink.framework/Versions/A/Ink
0x0000000003879000 	/System/Library/Frameworks/ApplicationServices.framework/Versions/A/Frameworks/ATS.framework/Versions/A/ATS
0x0000000003879000 	/System/Library/Frameworks/ApplicationServices.framework/Versions/A/Frameworks/ColorSync.framework/Versions/A/ColorSync
0x0000000003879000 	/System/Library/Frameworks/ApplicationServices.framework/Versions/A/Frameworks/HIServices.framework/Versions/A/HIServices
0x0000000003879000 	/System/Library/Frameworks/ApplicationServices.framework/Versions/A/Frameworks/LangAnalysis.framework/Versions/A/LangAnalysis
0x0000000003879000 	/System/Library/Frameworks/ApplicationServices.framework/Versions/A/Frameworks/PrintCore.framework/Versions/A/PrintCore
0x0000000003879000 	/System/Library/Frameworks/ApplicationServices.framework/Versions/A/Frameworks/QD.framework/Versions/A/QD
0x0000000003879000 	/System/Library/Frameworks/ApplicationServices.framework/Versions/A/Frameworks/SpeechSynthesis.framework/Versions/A/SpeechSynthesis
0x0000000003879000 	/System/Library/Frameworks/Accelerate.framework/Versions/A/Accelerate
0x0000000003879000 	/System/Library/Frameworks/Accelerate.framework/Versions/A/Frameworks/vImage.framework/Versions/A/vImage
0x0000000003879000 	/System/Library/Frameworks/Accelerate.framework/Versions/A/Frameworks/vecLib.framework/Versions/A/vecLib
0x0000000003879000 	/System/Library/Frameworks/Accelerate.framework/Versions/A/Frameworks/vecLib.framework/Versions/A/libvDSP.dylib
0x0000000003879000 	/System/Library/Frameworks/Accelerate.framework/Versions/A/Frameworks/vecLib.framework/Versions/A/libvMisc.dylib
0x0000000003879000 	/System/Library/Frameworks/Accelerate.framework/Versions/A/Frameworks/vecLib.framework/Versions/A/libLAPACK.dylib
0x0000000003879000 	/System/Library/Frameworks/Accelerate.framework/Versions/A/Frameworks/vecLib.framework/Versions/A/libBLAS.dylib
0x0000000003879000 	/System/Library/Frameworks/Accelerate.framework/Versions/A/Frameworks/vecLib.framework/Versions/A/libLinearAlgebra.dylib
0x0000000003879000 	/System/Library/Frameworks/ApplicationServices.framework/Versions/A/Frameworks/ATS.framework/Versions/A/Resources/libFontParser.dylib
0x0000000003879000 	/System/Library/Frameworks/ApplicationServices.framework/Versions/A/Frameworks/ATS.framework/Versions/A/Resources/libFontRegistry.dylib
0x0000000003879000 	/System/Library/PrivateFrameworks/AppleVPA.framework/Versions/A/AppleVPA
0x0000000003879000 	/System/Library/PrivateFrameworks/AppleJPEG.framework/Versions/A/AppleJPEG
0x0000000003879000 	/System/Library/Frameworks/ImageIO.framework/Versions/A/Resources/libJPEG.dylib
0x0000000003879000 	/System/Library/Frameworks/ImageIO.framework/Versions/A/Resources/libTIFF.dylib
0x0000000003879000 	/System/Library/Frameworks/ImageIO.framework/Versions/A/Resources/libPng.dylib
0x0000000003879000 	/System/Library/Frameworks/ImageIO.framework/Versions/A/Resources/libGIF.dylib
0x0000000003879000 	/System/Library/Frameworks/ImageIO.framework/Versions/A/Resources/libJP2.dylib
0x0000000003879000 	/System/Library/Frameworks/ImageIO.framework/Versions/A/Resources/libRadiance.dylib
0x0000000003879000 	/System/Library/Frameworks/CoreVideo.framework/Versions/A/CoreVideo
0x0000000003879000 	/System/Library/Frameworks/OpenGL.framework/Versions/A/Libraries/libGLU.dylib
0x0000000003879000 	/System/Library/Frameworks/OpenGL.framework/Versions/A/Libraries/libGFXShared.dylib
0x0000000003879000 	/System/Library/Frameworks/OpenGL.framework/Versions/A/Libraries/libGL.dylib
0x0000000003879000 	/System/Library/Frameworks/OpenGL.framework/Versions/A/Libraries/libGLImage.dylib
0x0000000003879000 	/System/Library/Frameworks/OpenGL.framework/Versions/A/Libraries/libCVMSPluginSupport.dylib
0x0000000003879000 	/System/Library/Frameworks/OpenGL.framework/Versions/A/Libraries/libCoreVMClient.dylib
0x0000000003879000 	/usr/lib/libcups.2.dylib
0x0000000003879000 	/System/Library/Frameworks/Kerberos.framework/Versions/A/Kerberos
0x0000000003879000 	/System/Library/Frameworks/GSS.framework/Versions/A/GSS
0x0000000003879000 	/usr/lib/libresolv.9.dylib
0x0000000003879000 	/System/Library/PrivateFrameworks/Heimdal.framework/Versions/A/Heimdal
0x0000000003879000 	/usr/lib/libheimdal-asn1.dylib
0x0000000003879000 	/System/Library/Frameworks/OpenDirectory.framework/Versions/A/OpenDirectory
0x0000000003879000 	/System/Library/PrivateFrameworks/CommonAuth.framework/Versions/A/CommonAuth
0x0000000003879000 	/System/Library/Frameworks/SecurityFoundation.framework/Versions/A/SecurityFoundation
0x0000000003879000 	/System/Library/Frameworks/QuartzCore.framework/Versions/A/Frameworks/CoreImage.framework/Versions/A/CoreImage
0x0000000003879000 	/System/Library/PrivateFrameworks/CrashReporterSupport.framework/Versions/A/CrashReporterSupport
0x0000000003879000 	/System/Library/Frameworks/OpenCL.framework/Versions/A/OpenCL
0x0000000003879000 	/System/Library/PrivateFrameworks/FaceCore.framework/Versions/A/FaceCore
0x0000000003879000 	/System/Library/PrivateFrameworks/Ubiquity.framework/Versions/A/Ubiquity
0x0000000003879000 	/System/Library/PrivateFrameworks/IconServices.framework/Versions/A/IconServices
0x0000000003879000 	/System/Library/PrivateFrameworks/ChunkingLibrary.framework/Versions/A/ChunkingLibrary
0x0000000003879000 	/System/Library/PrivateFrameworks/Apple80211.framework/Versions/A/Apple80211
0x0000000003879000 	/System/Library/Frameworks/CoreWLAN.framework/Versions/A/CoreWLAN
0x0000000003879000 	/System/Library/Frameworks/IOBluetooth.framework/Versions/A/IOBluetooth
0x0000000003879000 	/System/Library/PrivateFrameworks/CoreWiFi.framework/Versions/A/CoreWiFi
0x0000000003879000 	/System/Library/Frameworks/CoreBluetooth.framework/Versions/A/CoreBluetooth
0x0000000003879000 	/System/Library/PrivateFrameworks/DebugSymbols.framework/Versions/A/DebugSymbols
0x0000000003879000 	/System/Library/PrivateFrameworks/CoreSymbolication.framework/Versions/A/CoreSymbolication
0x0000000003879000 	/System/Library/PrivateFrameworks/Symbolication.framework/Versions/A/Symbolication
0x0000000003879000 	/System/Library/PrivateFrameworks/SpeechRecognitionCore.framework/Versions/A/SpeechRecognitionCore
0x0000000108400000 	/Library/Java/JavaVirtualMachines/jdk1.8.0_05.jdk/Contents/Home/jre/lib/server/libjvm.dylib
0x0000000003879000 	/usr/lib/libstdc++.6.dylib
0x0000000107b13000 	/Library/Java/JavaVirtualMachines/jdk1.8.0_05.jdk/Contents/Home/jre/lib/libverify.dylib
0x0000000107b21000 	/Library/Java/JavaVirtualMachines/jdk1.8.0_05.jdk/Contents/Home/jre/lib/libjava.dylib
0x0000000107b5f000 	/Library/Java/JavaVirtualMachines/jdk1.8.0_05.jdk/Contents/Home/jre/lib/libzip.dylib
0x000000011ce37000 	/System/Library/Frameworks/JavaVM.framework/Frameworks/JavaRuntimeSupport.framework/JavaRuntimeSupport
0x000000011ce4d000 	/System/Library/Frameworks/JavaVM.framework/Versions/A/Frameworks/JavaNativeFoundation.framework/Versions/A/JavaNativeFoundation
0x000000011ce61000 	/System/Library/Frameworks/JavaVM.framework/Versions/A/JavaVM
0x0000000003879000 	/System/Library/Frameworks/Carbon.framework/Versions/A/Carbon
0x000000011ce6d000 	/System/Library/PrivateFrameworks/JavaLaunching.framework/Versions/A/JavaLaunching
0x0000000003879000 	/System/Library/Frameworks/Carbon.framework/Versions/A/Frameworks/CommonPanels.framework/Versions/A/CommonPanels
0x0000000003879000 	/System/Library/Frameworks/Carbon.framework/Versions/A/Frameworks/Help.framework/Versions/A/Help
0x0000000003879000 	/System/Library/Frameworks/Carbon.framework/Versions/A/Frameworks/ImageCapture.framework/Versions/A/ImageCapture
0x0000000003879000 	/System/Library/Frameworks/Carbon.framework/Versions/A/Frameworks/OpenScripting.framework/Versions/A/OpenScripting
0x0000000003879000 	/System/Library/Frameworks/Carbon.framework/Versions/A/Frameworks/Print.framework/Versions/A/Print
0x0000000003879000 	/System/Library/Frameworks/Carbon.framework/Versions/A/Frameworks/SecurityHI.framework/Versions/A/SecurityHI
0x000000011ec8d000 	/Library/Java/JavaVirtualMachines/jdk1.8.0_05.jdk/Contents/Home/jre/lib/libawt.dylib
0x000000011ed3c000 	/Library/Java/JavaVirtualMachines/jdk1.8.0_05.jdk/Contents/Home/jre/lib/./libmlib_image.dylib
0x000000011ee08000 	/Library/Java/JavaVirtualMachines/jdk1.8.0_05.jdk/Contents/Home/jre/lib/libawt_lwawt.dylib
0x000000011eeba000 	/Library/Java/JavaVirtualMachines/jdk1.8.0_05.jdk/Contents/Home/jre/lib/./libosxapp.dylib
0x0000000003879000 	/System/Library/Frameworks/ExceptionHandling.framework/Versions/A/ExceptionHandling
0x0000000003879000 	/System/Library/PrivateFrameworks/CoreServicesInternal.framework/Versions/A/CoreServicesInternal
0x0000000003879000 	/System/Library/PrivateFrameworks/CloudDocs.framework/Versions/A/CloudDocs
0x0000000003879000 	/System/Library/PrivateFrameworks/CoreDuet.framework/Versions/A/CoreDuet
0x0000000003879000 	/System/Library/Frameworks/CloudKit.framework/Versions/A/CloudKit
0x0000000003879000 	/System/Library/PrivateFrameworks/ProtocolBuffer.framework/Versions/A/ProtocolBuffer
0x0000000003879000 	/System/Library/PrivateFrameworks/CoreDuetDaemonProtocol.framework/Versions/A/CoreDuetDaemonProtocol
0x0000000003879000 	/System/Library/PrivateFrameworks/CoreDuetDebugLogging.framework/Versions/A/CoreDuetDebugLogging
0x0000000003879000 	/System/Library/Frameworks/CoreLocation.framework/Versions/A/CoreLocation
0x0000000003879000 	/System/Library/Frameworks/Accounts.framework/Versions/A/Accounts
0x0000000003879000 	/System/Library/PrivateFrameworks/ApplePushService.framework/Versions/A/ApplePushService
0x0000000003879000 	/System/Library/PrivateFrameworks/GeoServices.framework/Versions/A/GeoServices
0x0000000003879000 	/System/Library/PrivateFrameworks/OAuth.framework/Versions/A/OAuth
0x0000000003879000 	/System/Library/PrivateFrameworks/CoreDaemon.framework/Versions/B/CoreDaemon
0x0000000003879000 	/usr/lib/libcrypto.0.9.8.dylib
0x0000000003879000 	/System/Library/PrivateFrameworks/AppleSRP.framework/Versions/A/AppleSRP
0x0000000003879000 	/System/Library/PrivateFrameworks/TrustEvaluationAgent.framework/Versions/A/TrustEvaluationAgent
0x0000000003879000 	/System/Library/Frameworks/CoreGraphics.framework/Versions/A/Resources/libCGCMS.A.dylib
0x0000000003879000 	/System/Library/Frameworks/CoreGraphics.framework/Versions/A/Resources/libRIP.A.dylib
0x0000000003879000 	/System/Library/Frameworks/CoreGraphics.framework/Versions/A/Resources/libCGXType.A.dylib
0x0000000003879000 	/System/Library/Frameworks/OpenCL.framework/Versions/A/Libraries/libcldcpuengine.dylib
0x0000000003879000 	/System/Library/PrivateFrameworks/DiskImages.framework/Versions/A/DiskImages
0x0000000003879000 	/System/Library/Frameworks/DiscRecording.framework/Versions/A/DiscRecording
0x0000000003879000 	/usr/lib/libcsfde.dylib
0x0000000003879000 	/usr/lib/libcurl.4.dylib
0x0000000003879000 	/System/Library/PrivateFrameworks/MediaKit.framework/Versions/A/MediaKit
0x0000000003879000 	/System/Library/PrivateFrameworks/ProtectedCloudStorage.framework/Versions/A/ProtectedCloudStorage
0x0000000003879000 	/usr/lib/libCoreStorage.dylib
0x0000000003879000 	/System/Library/PrivateFrameworks/EFILogin.framework/Versions/A/EFILogin
0x0000000003879000 	/usr/lib/libutil.dylib
0x0000000003879000 	/System/Library/PrivateFrameworks/FindMyDevice.framework/Versions/A/FindMyDevice
0x0000000003879000 	/System/Library/Frameworks/LDAP.framework/Versions/A/LDAP
0x0000000003879000 	/usr/lib/libsasl2.2.dylib
0x0000000121a50000 	cl_kernels
0x0000000121a52000 	/System/Library/Frameworks/OpenCL.framework/Versions/A/Libraries/ImageFormats/unorm8_bgra.dylib
0x0000000121a41000 	cl_kernels
0x0000000003879000 	/System/Library/PrivateFrameworks/FamilyControls.framework/Versions/A/FamilyControls
0x0000000003879000 	/System/Library/PrivateFrameworks/CommerceKit.framework/Versions/A/Frameworks/CommerceCore.framework/Versions/A/CommerceCore
0x0000000003879000 	/System/Library/PrivateFrameworks/SystemAdministration.framework/Versions/A/SystemAdministration
0x0000000003879000 	/System/Library/PrivateFrameworks/AppContainer.framework/Versions/A/AppContainer
0x0000000003879000 	/System/Library/PrivateFrameworks/SecCodeWrapper.framework/Versions/A/SecCodeWrapper
0x0000000003879000 	/System/Library/Frameworks/DirectoryService.framework/Versions/A/DirectoryService
0x0000000003879000 	/System/Library/PrivateFrameworks/LoginUIKit.framework/Versions/A/Frameworks/LoginUICore.framework/Versions/A/LoginUICore
0x0000000003879000 	/usr/lib/libodfde.dylib
0x0000000003879000 	/System/Library/Frameworks/OpenGL.framework/Versions/A/Resources/GLEngine.bundle/GLEngine
0x0000000003879000 	/System/Library/Frameworks/OpenGL.framework/Versions/A/Libraries/libGLProgrammability.dylib
0x0000000000000000 	/System/Library/Extensions/AppleIntelHD3000GraphicsGLDriver.bundle/Contents/MacOS/AppleIntelHD3000GraphicsGLDriver
0x0000000120f83000 	/System/Library/PrivateFrameworks/GPUSupport.framework/Versions/A/Libraries/libGPUSupport.dylib
0x0000000003879000 	/System/Library/Frameworks/OpenGL.framework/Versions/A/Resources/GLRendererFloat.bundle/GLRendererFloat
0x00000001231c3000 	/Library/Java/JavaVirtualMachines/jdk1.8.0_05.jdk/Contents/Home/jre/lib/libfontmanager.dylib
0x0000000120f9e000 	/Library/Java/JavaVirtualMachines/jdk1.8.0_05.jdk/Contents/Home/jre/lib/libosxui.dylib
0x0000000125081000 	/Library/Java/JavaVirtualMachines/jdk1.8.0_05.jdk/Contents/Home/jre/lib/libnet.dylib
0x0000000120e3f000 	/Library/Java/JavaVirtualMachines/jdk1.8.0_05.jdk/Contents/Home/jre/lib/libnio.dylib

VM Arguments:
jvm_args: -Dfile.encoding=UTF-8 
java_command: MainPackage.MainClass
java_class_path (initial): /Users/EnriqueMarquez/Documents/Eclipse/workspace/Reversi/bin
Launcher Type: SUN_STANDARD

Environment Variables:
PATH=/usr/bin:/bin:/usr/sbin:/sbin
SHELL=/bin/bash

Signal Handlers:
SIGSEGV: [libjvm.dylib+0x55f7df], sa_mask[0]=0xfffefeff, sa_flags=0x00000043
SIGBUS: [libjvm.dylib+0x55f7df], sa_mask[0]=0xfffefeff, sa_flags=0x00000042
SIGFPE: [libjvm.dylib+0x442cfa], sa_mask[0]=0xfffefeff, sa_flags=0x00000042
SIGPIPE: [libjvm.dylib+0x442cfa], sa_mask[0]=0xfffefeff, sa_flags=0x00000042
SIGXFSZ: [libjvm.dylib+0x442cfa], sa_mask[0]=0xfffefeff, sa_flags=0x00000042
SIGILL: [libjvm.dylib+0x442cfa], sa_mask[0]=0xfffefeff, sa_flags=0x00000042
SIGUSR1: SIG_DFL, sa_mask[0]=0x00000000, sa_flags=0x00000000
SIGUSR2: [libjvm.dylib+0x442818], sa_mask[0]=0x00000004, sa_flags=0x00000042
SIGHUP: [libjvm.dylib+0x440ba5], sa_mask[0]=0xfffefeff, sa_flags=0x00000042
SIGINT: [libjvm.dylib+0x440ba5], sa_mask[0]=0xfffefeff, sa_flags=0x00000042
SIGTERM: [libjvm.dylib+0x440ba5], sa_mask[0]=0xfffefeff, sa_flags=0x00000042
SIGQUIT: [libjvm.dylib+0x440ba5], sa_mask[0]=0xfffefeff, sa_flags=0x00000042


---------------  S Y S T E M  ---------------

OS:Bsduname:Darwin 14.0.0 Darwin Kernel Version 14.0.0: Fri Sep 19 00:26:44 PDT 2014; root:xnu-2782.1.97~2/RELEASE_X86_64 x86_64
rlimit: STACK 8192k, CORE 0k, NPROC 709, NOFILE 10240, AS infinity
load average:3.23 2.60 2.22

CPU:total 4 (2 cores per cpu, 2 threads per core) family 6 model 42 stepping 7, cmov, cx8, fxsr, mmx, sse, sse2, sse3, ssse3, sse4.1, sse4.2, popcnt, avx, aes, clmul, ht, tsc, tscinvbit

Memory: 4k page, physical 4194304k(116760k free)

/proc/meminfo:


vm_info: Java HotSpot(TM) 64-Bit Server VM (25.5-b02) for bsd-amd64 JRE (1.8.0_05-b13), built on Mar 18 2014 00:36:13 by "java_re" with gcc 4.2.1 (Based on Apple Inc. build 5658) (LLVM build 2336.11.00)

time: Sat Nov 15 00:19:23 2014
elapsed time: 2 seconds

